{"X:\\D\\MCTEST\\mc_translator_rs\\frontend\\modules\\config.js": {"path":"X:\\D\\MCTEST\\mc_translator_rs\\frontend\\modules\\config.js","statementMap":{"0":{"start":{"line":6,"column":19},"end":{"line":6,"column":82}},"1":{"start":{"line":9,"column":24},"end":{"line":9,"column":63}},"2":{"start":{"line":10,"column":19},"end":{"line":10,"column":53}},"3":{"start":{"line":11,"column":26},"end":{"line":11,"column":67}},"4":{"start":{"line":12,"column":22},"end":{"line":12,"column":59}},"5":{"start":{"line":13,"column":22},"end":{"line":13,"column":59}},"6":{"start":{"line":14,"column":26},"end":{"line":14,"column":68}},"7":{"start":{"line":15,"column":23},"end":{"line":15,"column":61}},"8":{"start":{"line":16,"column":23},"end":{"line":16,"column":61}},"9":{"start":{"line":17,"column":32},"end":{"line":17,"column":80}},"10":{"start":{"line":18,"column":19},"end":{"line":18,"column":53}},"11":{"start":{"line":19,"column":23},"end":{"line":19,"column":61}},"12":{"start":{"line":20,"column":23},"end":{"line":20,"column":61}},"13":{"start":{"line":21,"column":22},"end":{"line":21,"column":59}},"14":{"start":{"line":22,"column":25},"end":{"line":22,"column":65}},"15":{"start":{"line":23,"column":23},"end":{"line":23,"column":61}},"16":{"start":{"line":24,"column":24},"end":{"line":24,"column":64}},"17":{"start":{"line":25,"column":22},"end":{"line":25,"column":60}},"18":{"start":{"line":26,"column":23},"end":{"line":26,"column":62}},"19":{"start":{"line":27,"column":24},"end":{"line":27,"column":64}},"20":{"start":{"line":28,"column":22},"end":{"line":28,"column":60}},"21":{"start":{"line":29,"column":22},"end":{"line":29,"column":59}},"22":{"start":{"line":31,"column":4},"end":{"line":73,"column":null}},"23":{"start":{"line":32,"column":23},"end":{"line":32,"column":49}},"24":{"start":{"line":33,"column":8},"end":{"line":33,"column":null}},"25":{"start":{"line":35,"column":8},"end":{"line":35,"column":null}},"26":{"start":{"line":35,"column":25},"end":{"line":35,"column":null}},"27":{"start":{"line":37,"column":25},"end":{"line":37,"column":56}},"28":{"start":{"line":38,"column":8},"end":{"line":38,"column":null}},"29":{"start":{"line":38,"column":20},"end":{"line":38,"column":null}},"30":{"start":{"line":40,"column":8},"end":{"line":40,"column":null}},"31":{"start":{"line":40,"column":23},"end":{"line":40,"column":null}},"32":{"start":{"line":42,"column":8},"end":{"line":42,"column":null}},"33":{"start":{"line":42,"column":23},"end":{"line":42,"column":null}},"34":{"start":{"line":43,"column":8},"end":{"line":43,"column":null}},"35":{"start":{"line":43,"column":23},"end":{"line":43,"column":null}},"36":{"start":{"line":44,"column":8},"end":{"line":44,"column":null}},"37":{"start":{"line":44,"column":27},"end":{"line":44,"column":null}},"38":{"start":{"line":45,"column":8},"end":{"line":45,"column":null}},"39":{"start":{"line":45,"column":24},"end":{"line":45,"column":null}},"40":{"start":{"line":46,"column":8},"end":{"line":46,"column":null}},"41":{"start":{"line":46,"column":24},"end":{"line":46,"column":null}},"42":{"start":{"line":47,"column":8},"end":{"line":47,"column":null}},"43":{"start":{"line":47,"column":33},"end":{"line":47,"column":null}},"44":{"start":{"line":48,"column":8},"end":{"line":48,"column":null}},"45":{"start":{"line":48,"column":20},"end":{"line":48,"column":null}},"46":{"start":{"line":49,"column":8},"end":{"line":49,"column":null}},"47":{"start":{"line":49,"column":24},"end":{"line":49,"column":null}},"48":{"start":{"line":50,"column":8},"end":{"line":50,"column":null}},"49":{"start":{"line":50,"column":24},"end":{"line":50,"column":null}},"50":{"start":{"line":51,"column":8},"end":{"line":51,"column":null}},"51":{"start":{"line":51,"column":23},"end":{"line":51,"column":null}},"52":{"start":{"line":53,"column":8},"end":{"line":53,"column":null}},"53":{"start":{"line":53,"column":26},"end":{"line":53,"column":null}},"54":{"start":{"line":54,"column":8},"end":{"line":54,"column":null}},"55":{"start":{"line":54,"column":24},"end":{"line":54,"column":null}},"56":{"start":{"line":56,"column":8},"end":{"line":56,"column":null}},"57":{"start":{"line":56,"column":25},"end":{"line":56,"column":null}},"58":{"start":{"line":57,"column":8},"end":{"line":57,"column":null}},"59":{"start":{"line":57,"column":23},"end":{"line":57,"column":null}},"60":{"start":{"line":58,"column":8},"end":{"line":58,"column":null}},"61":{"start":{"line":58,"column":24},"end":{"line":58,"column":null}},"62":{"start":{"line":59,"column":8},"end":{"line":59,"column":null}},"63":{"start":{"line":59,"column":25},"end":{"line":59,"column":null}},"64":{"start":{"line":60,"column":8},"end":{"line":60,"column":null}},"65":{"start":{"line":60,"column":23},"end":{"line":60,"column":null}},"66":{"start":{"line":62,"column":8},"end":{"line":62,"column":null}},"67":{"start":{"line":63,"column":8},"end":{"line":63,"column":null}},"68":{"start":{"line":64,"column":8},"end":{"line":64,"column":null}},"69":{"start":{"line":65,"column":8},"end":{"line":67,"column":null}},"70":{"start":{"line":66,"column":12},"end":{"line":66,"column":null}},"71":{"start":{"line":68,"column":8},"end":{"line":68,"column":null}},"72":{"start":{"line":69,"column":8},"end":{"line":69,"column":null}},"73":{"start":{"line":71,"column":21},"end":{"line":71,"column":66}},"74":{"start":{"line":72,"column":7},"end":{"line":72,"column":null}},"75":{"start":{"line":77,"column":24},"end":{"line":77,"column":63}},"76":{"start":{"line":78,"column":19},"end":{"line":78,"column":53}},"77":{"start":{"line":79,"column":26},"end":{"line":79,"column":67}},"78":{"start":{"line":80,"column":22},"end":{"line":80,"column":59}},"79":{"start":{"line":81,"column":22},"end":{"line":81,"column":59}},"80":{"start":{"line":82,"column":26},"end":{"line":82,"column":68}},"81":{"start":{"line":83,"column":23},"end":{"line":83,"column":61}},"82":{"start":{"line":84,"column":23},"end":{"line":84,"column":61}},"83":{"start":{"line":85,"column":32},"end":{"line":85,"column":80}},"84":{"start":{"line":86,"column":19},"end":{"line":86,"column":53}},"85":{"start":{"line":87,"column":23},"end":{"line":87,"column":61}},"86":{"start":{"line":88,"column":23},"end":{"line":88,"column":61}},"87":{"start":{"line":89,"column":22},"end":{"line":89,"column":59}},"88":{"start":{"line":90,"column":22},"end":{"line":90,"column":59}},"89":{"start":{"line":91,"column":25},"end":{"line":91,"column":65}},"90":{"start":{"line":92,"column":23},"end":{"line":92,"column":61}},"91":{"start":{"line":93,"column":24},"end":{"line":93,"column":64}},"92":{"start":{"line":94,"column":22},"end":{"line":94,"column":60}},"93":{"start":{"line":95,"column":23},"end":{"line":95,"column":62}},"94":{"start":{"line":96,"column":24},"end":{"line":96,"column":64}},"95":{"start":{"line":97,"column":22},"end":{"line":97,"column":60}},"96":{"start":{"line":99,"column":4},"end":{"line":130,"column":null}},"97":{"start":{"line":100,"column":8},"end":{"line":100,"column":null}},"98":{"start":{"line":101,"column":8},"end":{"line":101,"column":null}},"99":{"start":{"line":102,"column":8},"end":{"line":102,"column":null}},"100":{"start":{"line":103,"column":8},"end":{"line":103,"column":null}},"101":{"start":{"line":104,"column":8},"end":{"line":104,"column":null}},"102":{"start":{"line":105,"column":8},"end":{"line":105,"column":null}},"103":{"start":{"line":106,"column":8},"end":{"line":106,"column":null}},"104":{"start":{"line":107,"column":8},"end":{"line":107,"column":null}},"105":{"start":{"line":107,"column":20},"end":{"line":107,"column":null}},"106":{"start":{"line":108,"column":8},"end":{"line":108,"column":null}},"107":{"start":{"line":108,"column":24},"end":{"line":108,"column":null}},"108":{"start":{"line":109,"column":8},"end":{"line":109,"column":null}},"109":{"start":{"line":109,"column":24},"end":{"line":109,"column":null}},"110":{"start":{"line":110,"column":8},"end":{"line":110,"column":null}},"111":{"start":{"line":111,"column":8},"end":{"line":111,"column":null}},"112":{"start":{"line":112,"column":8},"end":{"line":112,"column":null}},"113":{"start":{"line":113,"column":8},"end":{"line":113,"column":null}},"114":{"start":{"line":114,"column":8},"end":{"line":114,"column":null}},"115":{"start":{"line":116,"column":8},"end":{"line":116,"column":null}},"116":{"start":{"line":117,"column":8},"end":{"line":117,"column":null}},"117":{"start":{"line":119,"column":8},"end":{"line":119,"column":null}},"118":{"start":{"line":120,"column":8},"end":{"line":120,"column":null}},"119":{"start":{"line":121,"column":8},"end":{"line":121,"column":null}},"120":{"start":{"line":122,"column":8},"end":{"line":122,"column":null}},"121":{"start":{"line":123,"column":8},"end":{"line":123,"column":null}},"122":{"start":{"line":125,"column":8},"end":{"line":125,"column":null}},"123":{"start":{"line":126,"column":7},"end":{"line":126,"column":null}},"124":{"start":{"line":128,"column":21},"end":{"line":128,"column":66}},"125":{"start":{"line":129,"column":7},"end":{"line":129,"column":null}},"126":{"start":{"line":134,"column":24},"end":{"line":134,"column":63}},"127":{"start":{"line":135,"column":26},"end":{"line":135,"column":67}},"128":{"start":{"line":136,"column":4},"end":{"line":136,"column":null}},"129":{"start":{"line":136,"column":40},"end":{"line":136,"column":null}},"130":{"start":{"line":137,"column":21},"end":{"line":137,"column":38}},"131":{"start":{"line":138,"column":4},"end":{"line":138,"column":null}},"132":{"start":{"line":139,"column":4},"end":{"line":151,"column":null}},"133":{"start":{"line":140,"column":23},"end":{"line":140,"column":77}},"134":{"start":{"line":141,"column":8},"end":{"line":141,"column":null}},"135":{"start":{"line":142,"column":8},"end":{"line":147,"column":null}},"136":{"start":{"line":143,"column":24},"end":{"line":143,"column":56}},"137":{"start":{"line":144,"column":12},"end":{"line":144,"column":null}},"138":{"start":{"line":145,"column":12},"end":{"line":145,"column":null}},"139":{"start":{"line":146,"column":12},"end":{"line":146,"column":null}},"140":{"start":{"line":149,"column":8},"end":{"line":149,"column":null}},"141":{"start":{"line":150,"column":8},"end":{"line":150,"column":null}},"142":{"start":{"line":155,"column":27},"end":{"line":155,"column":70}},"143":{"start":{"line":156,"column":24},"end":{"line":156,"column":63}},"144":{"start":{"line":157,"column":4},"end":{"line":159,"column":null}},"145":{"start":{"line":158,"column":8},"end":{"line":158,"column":null}},"146":{"start":{"line":163,"column":24},"end":{"line":163,"column":64}},"147":{"start":{"line":164,"column":24},"end":{"line":164,"column":63}},"148":{"start":{"line":165,"column":4},"end":{"line":168,"column":null}},"149":{"start":{"line":166,"column":31},"end":{"line":166,"column":61}},"150":{"start":{"line":167,"column":8},"end":{"line":167,"column":null}},"151":{"start":{"line":172,"column":25},"end":{"line":172,"column":65}},"152":{"start":{"line":173,"column":26},"end":{"line":173,"column":67}},"153":{"start":{"line":174,"column":24},"end":{"line":174,"column":63}},"154":{"start":{"line":175,"column":4},"end":{"line":178,"column":null}},"155":{"start":{"line":176,"column":8},"end":{"line":177,"column":null}}},"fnMap":{"0":{"name":"(anonymous_0)","decl":{"start":{"line":6,"column":72},"end":{"line":6,"column":73}},"loc":{"start":{"line":6,"column":78},"end":{"line":6,"column":80}},"line":6},"1":{"name":"loadConfig","decl":{"start":{"line":8,"column":22},"end":{"line":8,"column":32}},"loc":{"start":{"line":8,"column":35},"end":{"line":74,"column":null}},"line":8},"2":{"name":"saveConfig","decl":{"start":{"line":76,"column":22},"end":{"line":76,"column":32}},"loc":{"start":{"line":76,"column":35},"end":{"line":131,"column":null}},"line":76},"3":{"name":"loadModels","decl":{"start":{"line":133,"column":22},"end":{"line":133,"column":32}},"loc":{"start":{"line":133,"column":35},"end":{"line":152,"column":null}},"line":133},"4":{"name":"(anonymous_4)","decl":{"start":{"line":142,"column":23},"end":{"line":142,"column":24}},"loc":{"start":{"line":142,"column":30},"end":{"line":147,"column":9}},"line":142},"5":{"name":"toggleOllamaGroup","decl":{"start":{"line":154,"column":16},"end":{"line":154,"column":33}},"loc":{"start":{"line":154,"column":36},"end":{"line":160,"column":null}},"line":154},"6":{"name":"toggleApiKeyVisibility","decl":{"start":{"line":162,"column":16},"end":{"line":162,"column":38}},"loc":{"start":{"line":162,"column":41},"end":{"line":169,"column":null}},"line":162},"7":{"name":"validateCanTranslate","decl":{"start":{"line":171,"column":16},"end":{"line":171,"column":36}},"loc":{"start":{"line":171,"column":39},"end":{"line":179,"column":null}},"line":171}},"branchMap":{"0":{"loc":{"start":{"line":6,"column":19},"end":{"line":6,"column":82}},"type":"cond-expr","locations":[{"start":{"line":6,"column":38},"end":{"line":6,"column":59}},{"start":{"line":6,"column":62},"end":{"line":6,"column":82}}],"line":6},"1":{"loc":{"start":{"line":35,"column":8},"end":{"line":35,"column":null}},"type":"if","locations":[{"start":{"line":35,"column":8},"end":{"line":35,"column":null}},{"start":{},"end":{}}],"line":35},"2":{"loc":{"start":{"line":38,"column":8},"end":{"line":38,"column":null}},"type":"if","locations":[{"start":{"line":38,"column":8},"end":{"line":38,"column":null}},{"start":{},"end":{}}],"line":38},"3":{"loc":{"start":{"line":38,"column":35},"end":{"line":38,"column":49}},"type":"binary-expr","locations":[{"start":{"line":38,"column":35},"end":{"line":38,"column":43}},{"start":{"line":38,"column":47},"end":{"line":38,"column":49}}],"line":38},"4":{"loc":{"start":{"line":40,"column":8},"end":{"line":40,"column":null}},"type":"if","locations":[{"start":{"line":40,"column":8},"end":{"line":40,"column":null}},{"start":{},"end":{}}],"line":40},"5":{"loc":{"start":{"line":40,"column":41},"end":{"line":40,"column":58}},"type":"binary-expr","locations":[{"start":{"line":40,"column":41},"end":{"line":40,"column":52}},{"start":{"line":40,"column":56},"end":{"line":40,"column":58}}],"line":40},"6":{"loc":{"start":{"line":42,"column":8},"end":{"line":42,"column":null}},"type":"if","locations":[{"start":{"line":42,"column":8},"end":{"line":42,"column":null}},{"start":{},"end":{}}],"line":42},"7":{"loc":{"start":{"line":43,"column":8},"end":{"line":43,"column":null}},"type":"if","locations":[{"start":{"line":43,"column":8},"end":{"line":43,"column":null}},{"start":{},"end":{}}],"line":43},"8":{"loc":{"start":{"line":43,"column":41},"end":{"line":43,"column":65}},"type":"binary-expr","locations":[{"start":{"line":43,"column":41},"end":{"line":43,"column":58}},{"start":{"line":43,"column":62},"end":{"line":43,"column":65}}],"line":43},"9":{"loc":{"start":{"line":44,"column":8},"end":{"line":44,"column":null}},"type":"if","locations":[{"start":{"line":44,"column":8},"end":{"line":44,"column":null}},{"start":{},"end":{}}],"line":44},"10":{"loc":{"start":{"line":44,"column":49},"end":{"line":44,"column":79}},"type":"binary-expr","locations":[{"start":{"line":44,"column":49},"end":{"line":44,"column":71}},{"start":{"line":44,"column":75},"end":{"line":44,"column":79}}],"line":44},"11":{"loc":{"start":{"line":45,"column":8},"end":{"line":45,"column":null}},"type":"if","locations":[{"start":{"line":45,"column":8},"end":{"line":45,"column":null}},{"start":{},"end":{}}],"line":45},"12":{"loc":{"start":{"line":45,"column":43},"end":{"line":45,"column":63}},"type":"binary-expr","locations":[{"start":{"line":45,"column":43},"end":{"line":45,"column":57}},{"start":{"line":45,"column":61},"end":{"line":45,"column":63}}],"line":45},"13":{"loc":{"start":{"line":46,"column":8},"end":{"line":46,"column":null}},"type":"if","locations":[{"start":{"line":46,"column":8},"end":{"line":46,"column":null}},{"start":{},"end":{}}],"line":46},"14":{"loc":{"start":{"line":46,"column":43},"end":{"line":46,"column":100}},"type":"cond-expr","locations":[{"start":{"line":46,"column":64},"end":{"line":46,"column":93}},{"start":{"line":46,"column":96},"end":{"line":46,"column":100}}],"line":46},"15":{"loc":{"start":{"line":47,"column":8},"end":{"line":47,"column":null}},"type":"if","locations":[{"start":{"line":47,"column":8},"end":{"line":47,"column":null}},{"start":{},"end":{}}],"line":47},"16":{"loc":{"start":{"line":48,"column":8},"end":{"line":48,"column":null}},"type":"if","locations":[{"start":{"line":48,"column":8},"end":{"line":48,"column":null}},{"start":{},"end":{}}],"line":48},"17":{"loc":{"start":{"line":49,"column":8},"end":{"line":49,"column":null}},"type":"if","locations":[{"start":{"line":49,"column":8},"end":{"line":49,"column":null}},{"start":{},"end":{}}],"line":49},"18":{"loc":{"start":{"line":49,"column":43},"end":{"line":49,"column":72}},"type":"binary-expr","locations":[{"start":{"line":49,"column":43},"end":{"line":49,"column":61}},{"start":{"line":49,"column":65},"end":{"line":49,"column":72}}],"line":49},"19":{"loc":{"start":{"line":50,"column":8},"end":{"line":50,"column":null}},"type":"if","locations":[{"start":{"line":50,"column":8},"end":{"line":50,"column":null}},{"start":{},"end":{}}],"line":50},"20":{"loc":{"start":{"line":50,"column":43},"end":{"line":50,"column":72}},"type":"binary-expr","locations":[{"start":{"line":50,"column":43},"end":{"line":50,"column":61}},{"start":{"line":50,"column":65},"end":{"line":50,"column":72}}],"line":50},"21":{"loc":{"start":{"line":51,"column":8},"end":{"line":51,"column":null}},"type":"if","locations":[{"start":{"line":51,"column":8},"end":{"line":51,"column":null}},{"start":{},"end":{}}],"line":51},"22":{"loc":{"start":{"line":51,"column":41},"end":{"line":51,"column":64}},"type":"binary-expr","locations":[{"start":{"line":51,"column":41},"end":{"line":51,"column":58}},{"start":{"line":51,"column":62},"end":{"line":51,"column":64}}],"line":51},"23":{"loc":{"start":{"line":53,"column":8},"end":{"line":53,"column":null}},"type":"if","locations":[{"start":{"line":53,"column":8},"end":{"line":53,"column":null}},{"start":{},"end":{}}],"line":53},"24":{"loc":{"start":{"line":53,"column":47},"end":{"line":53,"column":73}},"type":"binary-expr","locations":[{"start":{"line":53,"column":47},"end":{"line":53,"column":67}},{"start":{"line":53,"column":71},"end":{"line":53,"column":73}}],"line":53},"25":{"loc":{"start":{"line":54,"column":8},"end":{"line":54,"column":null}},"type":"if","locations":[{"start":{"line":54,"column":8},"end":{"line":54,"column":null}},{"start":{},"end":{}}],"line":54},"26":{"loc":{"start":{"line":54,"column":43},"end":{"line":54,"column":67}},"type":"binary-expr","locations":[{"start":{"line":54,"column":43},"end":{"line":54,"column":61}},{"start":{"line":54,"column":65},"end":{"line":54,"column":67}}],"line":54},"27":{"loc":{"start":{"line":56,"column":8},"end":{"line":56,"column":null}},"type":"if","locations":[{"start":{"line":56,"column":8},"end":{"line":56,"column":null}},{"start":{},"end":{}}],"line":56},"28":{"loc":{"start":{"line":56,"column":47},"end":{"line":56,"column":72}},"type":"binary-expr","locations":[{"start":{"line":56,"column":47},"end":{"line":56,"column":63}},{"start":{"line":56,"column":67},"end":{"line":56,"column":72}}],"line":56},"29":{"loc":{"start":{"line":57,"column":8},"end":{"line":57,"column":null}},"type":"if","locations":[{"start":{"line":57,"column":8},"end":{"line":57,"column":null}},{"start":{},"end":{}}],"line":57},"30":{"loc":{"start":{"line":57,"column":43},"end":{"line":57,"column":66}},"type":"binary-expr","locations":[{"start":{"line":57,"column":43},"end":{"line":57,"column":57}},{"start":{"line":57,"column":61},"end":{"line":57,"column":66}}],"line":57},"31":{"loc":{"start":{"line":58,"column":8},"end":{"line":58,"column":null}},"type":"if","locations":[{"start":{"line":58,"column":8},"end":{"line":58,"column":null}},{"start":{},"end":{}}],"line":58},"32":{"loc":{"start":{"line":58,"column":45},"end":{"line":58,"column":69}},"type":"binary-expr","locations":[{"start":{"line":58,"column":45},"end":{"line":58,"column":60}},{"start":{"line":58,"column":64},"end":{"line":58,"column":69}}],"line":58},"33":{"loc":{"start":{"line":59,"column":8},"end":{"line":59,"column":null}},"type":"if","locations":[{"start":{"line":59,"column":8},"end":{"line":59,"column":null}},{"start":{},"end":{}}],"line":59},"34":{"loc":{"start":{"line":59,"column":47},"end":{"line":59,"column":72}},"type":"binary-expr","locations":[{"start":{"line":59,"column":47},"end":{"line":59,"column":63}},{"start":{"line":59,"column":67},"end":{"line":59,"column":72}}],"line":59},"35":{"loc":{"start":{"line":60,"column":8},"end":{"line":60,"column":null}},"type":"if","locations":[{"start":{"line":60,"column":8},"end":{"line":60,"column":null}},{"start":{},"end":{}}],"line":60},"36":{"loc":{"start":{"line":60,"column":43},"end":{"line":60,"column":73}},"type":"binary-expr","locations":[{"start":{"line":60,"column":43},"end":{"line":60,"column":64}},{"start":{"line":60,"column":68},"end":{"line":60,"column":73}}],"line":60},"37":{"loc":{"start":{"line":65,"column":8},"end":{"line":67,"column":null}},"type":"if","locations":[{"start":{"line":65,"column":8},"end":{"line":67,"column":null}},{"start":{},"end":{}}],"line":65},"38":{"loc":{"start":{"line":65,"column":12},"end":{"line":65,"column":41}},"type":"binary-expr","locations":[{"start":{"line":65,"column":12},"end":{"line":65,"column":24}},{"start":{"line":65,"column":28},"end":{"line":65,"column":41}}],"line":65},"39":{"loc":{"start":{"line":72,"column":37},"end":{"line":72,"column":64}},"type":"binary-expr","locations":[{"start":{"line":72,"column":37},"end":{"line":72,"column":59}},{"start":{"line":72,"column":63},"end":{"line":72,"column":64}}],"line":72},"40":{"loc":{"start":{"line":100,"column":43},"end":{"line":100,"column":79}},"type":"cond-expr","locations":[{"start":{"line":100,"column":57},"end":{"line":100,"column":74}},{"start":{"line":100,"column":77},"end":{"line":100,"column":79}}],"line":100},"41":{"loc":{"start":{"line":101,"column":48},"end":{"line":101,"column":74}},"type":"cond-expr","locations":[{"start":{"line":101,"column":57},"end":{"line":101,"column":69}},{"start":{"line":101,"column":72},"end":{"line":101,"column":74}}],"line":101},"42":{"loc":{"start":{"line":102,"column":36},"end":{"line":102,"column":76}},"type":"cond-expr","locations":[{"start":{"line":102,"column":52},"end":{"line":102,"column":71}},{"start":{"line":102,"column":74},"end":{"line":102,"column":76}}],"line":102},"43":{"loc":{"start":{"line":103,"column":41},"end":{"line":103,"column":95}},"type":"cond-expr","locations":[{"start":{"line":103,"column":53},"end":{"line":103,"column":68}},{"start":{"line":103,"column":71},"end":{"line":103,"column":95}}],"line":103},"44":{"loc":{"start":{"line":104,"column":41},"end":{"line":104,"column":84}},"type":"cond-expr","locations":[{"start":{"line":104,"column":53},"end":{"line":104,"column":78}},{"start":{"line":104,"column":81},"end":{"line":104,"column":84}}],"line":104},"45":{"loc":{"start":{"line":105,"column":46},"end":{"line":105,"column":98}},"type":"cond-expr","locations":[{"start":{"line":105,"column":62},"end":{"line":105,"column":91}},{"start":{"line":105,"column":94},"end":{"line":105,"column":98}}],"line":105},"46":{"loc":{"start":{"line":106,"column":38},"end":{"line":106,"column":82}},"type":"cond-expr","locations":[{"start":{"line":106,"column":51},"end":{"line":106,"column":77}},{"start":{"line":106,"column":80},"end":{"line":106,"column":82}}],"line":106},"47":{"loc":{"start":{"line":107,"column":8},"end":{"line":107,"column":null}},"type":"if","locations":[{"start":{"line":107,"column":8},"end":{"line":107,"column":null}},{"start":{},"end":{}}],"line":107},"48":{"loc":{"start":{"line":108,"column":8},"end":{"line":108,"column":null}},"type":"if","locations":[{"start":{"line":108,"column":8},"end":{"line":108,"column":null}},{"start":{},"end":{}}],"line":108},"49":{"loc":{"start":{"line":109,"column":8},"end":{"line":109,"column":null}},"type":"if","locations":[{"start":{"line":109,"column":8},"end":{"line":109,"column":null}},{"start":{},"end":{}}],"line":109},"50":{"loc":{"start":{"line":110,"column":42},"end":{"line":110,"column":86}},"type":"cond-expr","locations":[{"start":{"line":110,"column":55},"end":{"line":110,"column":81}},{"start":{"line":110,"column":84},"end":{"line":110,"column":86}}],"line":110},"51":{"loc":{"start":{"line":111,"column":48},"end":{"line":111,"column":120}},"type":"cond-expr","locations":[{"start":{"line":111,"column":101},"end":{"line":111,"column":107}},{"start":{"line":111,"column":110},"end":{"line":111,"column":120}}],"line":111},"52":{"loc":{"start":{"line":111,"column":48},"end":{"line":111,"column":98}},"type":"binary-expr","locations":[{"start":{"line":111,"column":48},"end":{"line":111,"column":67}},{"start":{"line":111,"column":71},"end":{"line":111,"column":98}}],"line":111},"53":{"loc":{"start":{"line":112,"column":38},"end":{"line":112,"column":69}},"type":"cond-expr","locations":[{"start":{"line":112,"column":47},"end":{"line":112,"column":59}},{"start":{"line":112,"column":62},"end":{"line":112,"column":69}}],"line":112},"54":{"loc":{"start":{"line":113,"column":41},"end":{"line":113,"column":73}},"type":"cond-expr","locations":[{"start":{"line":113,"column":53},"end":{"line":113,"column":68}},{"start":{"line":113,"column":71},"end":{"line":113,"column":73}}],"line":113},"55":{"loc":{"start":{"line":114,"column":35},"end":{"line":114,"column":67}},"type":"cond-expr","locations":[{"start":{"line":114,"column":47},"end":{"line":114,"column":62}},{"start":{"line":114,"column":65},"end":{"line":114,"column":67}}],"line":114},"56":{"loc":{"start":{"line":116,"column":44},"end":{"line":116,"column":82}},"type":"cond-expr","locations":[{"start":{"line":116,"column":59},"end":{"line":116,"column":77}},{"start":{"line":116,"column":80},"end":{"line":116,"column":82}}],"line":116},"57":{"loc":{"start":{"line":117,"column":42},"end":{"line":117,"column":76}},"type":"cond-expr","locations":[{"start":{"line":117,"column":55},"end":{"line":117,"column":71}},{"start":{"line":117,"column":74},"end":{"line":117,"column":76}}],"line":117},"58":{"loc":{"start":{"line":119,"column":40},"end":{"line":119,"column":81}},"type":"cond-expr","locations":[{"start":{"line":119,"column":54},"end":{"line":119,"column":73}},{"start":{"line":119,"column":76},"end":{"line":119,"column":81}}],"line":119},"59":{"loc":{"start":{"line":120,"column":38},"end":{"line":120,"column":75}},"type":"cond-expr","locations":[{"start":{"line":120,"column":50},"end":{"line":120,"column":67}},{"start":{"line":120,"column":70},"end":{"line":120,"column":75}}],"line":120},"60":{"loc":{"start":{"line":121,"column":39},"end":{"line":121,"column":78}},"type":"cond-expr","locations":[{"start":{"line":121,"column":52},"end":{"line":121,"column":70}},{"start":{"line":121,"column":73},"end":{"line":121,"column":78}}],"line":121},"61":{"loc":{"start":{"line":122,"column":40},"end":{"line":122,"column":81}},"type":"cond-expr","locations":[{"start":{"line":122,"column":54},"end":{"line":122,"column":73}},{"start":{"line":122,"column":76},"end":{"line":122,"column":81}}],"line":122},"62":{"loc":{"start":{"line":123,"column":45},"end":{"line":123,"column":82}},"type":"cond-expr","locations":[{"start":{"line":123,"column":57},"end":{"line":123,"column":74}},{"start":{"line":123,"column":77},"end":{"line":123,"column":82}}],"line":123},"63":{"loc":{"start":{"line":129,"column":37},"end":{"line":129,"column":64}},"type":"binary-expr","locations":[{"start":{"line":129,"column":37},"end":{"line":129,"column":59}},{"start":{"line":129,"column":63},"end":{"line":129,"column":64}}],"line":129},"64":{"loc":{"start":{"line":136,"column":4},"end":{"line":136,"column":null}},"type":"if","locations":[{"start":{"line":136,"column":4},"end":{"line":136,"column":null}},{"start":{},"end":{}}],"line":136},"65":{"loc":{"start":{"line":136,"column":8},"end":{"line":136,"column":38}},"type":"binary-expr","locations":[{"start":{"line":136,"column":8},"end":{"line":136,"column":20}},{"start":{"line":136,"column":24},"end":{"line":136,"column":38}}],"line":136},"66":{"loc":{"start":{"line":157,"column":4},"end":{"line":159,"column":null}},"type":"if","locations":[{"start":{"line":157,"column":4},"end":{"line":159,"column":null}},{"start":{},"end":{}}],"line":157},"67":{"loc":{"start":{"line":157,"column":8},"end":{"line":157,"column":37}},"type":"binary-expr","locations":[{"start":{"line":157,"column":8},"end":{"line":157,"column":22}},{"start":{"line":157,"column":26},"end":{"line":157,"column":37}}],"line":157},"68":{"loc":{"start":{"line":158,"column":39},"end":{"line":158,"column":88}},"type":"cond-expr","locations":[{"start":{"line":158,"column":72},"end":{"line":158,"column":79}},{"start":{"line":158,"column":82},"end":{"line":158,"column":88}}],"line":158},"69":{"loc":{"start":{"line":165,"column":4},"end":{"line":168,"column":null}},"type":"if","locations":[{"start":{"line":165,"column":4},"end":{"line":168,"column":null}},{"start":{},"end":{}}],"line":165},"70":{"loc":{"start":{"line":165,"column":8},"end":{"line":165,"column":34}},"type":"binary-expr","locations":[{"start":{"line":165,"column":8},"end":{"line":165,"column":19}},{"start":{"line":165,"column":23},"end":{"line":165,"column":34}}],"line":165},"71":{"loc":{"start":{"line":167,"column":36},"end":{"line":167,"column":97}},"type":"cond-expr","locations":[{"start":{"line":167,"column":81},"end":{"line":167,"column":87}},{"start":{"line":167,"column":90},"end":{"line":167,"column":97}}],"line":167},"72":{"loc":{"start":{"line":175,"column":4},"end":{"line":178,"column":null}},"type":"if","locations":[{"start":{"line":175,"column":4},"end":{"line":178,"column":null}},{"start":{},"end":{}}],"line":175},"73":{"loc":{"start":{"line":175,"column":8},"end":{"line":175,"column":52}},"type":"binary-expr","locations":[{"start":{"line":175,"column":8},"end":{"line":175,"column":20}},{"start":{"line":175,"column":24},"end":{"line":175,"column":37}},{"start":{"line":175,"column":41},"end":{"line":175,"column":52}}],"line":175},"74":{"loc":{"start":{"line":177,"column":12},"end":{"line":177,"column":105}},"type":"binary-expr","locations":[{"start":{"line":177,"column":12},"end":{"line":177,"column":32}},{"start":{"line":177,"column":36},"end":{"line":177,"column":71}},{"start":{"line":177,"column":75},"end":{"line":177,"column":105}}],"line":177}},"s":{"0":1,"1":2,"2":2,"3":2,"4":2,"5":2,"6":2,"7":2,"8":2,"9":2,"10":2,"11":2,"12":2,"13":2,"14":2,"15":2,"16":2,"17":2,"18":2,"19":2,"20":2,"21":2,"22":2,"23":2,"24":1,"25":1,"26":1,"27":1,"28":1,"29":1,"30":1,"31":1,"32":1,"33":1,"34":1,"35":1,"36":1,"37":1,"38":1,"39":1,"40":1,"41":1,"42":1,"43":1,"44":1,"45":1,"46":1,"47":0,"48":1,"49":1,"50":1,"51":1,"52":1,"53":1,"54":1,"55":1,"56":1,"57":1,"58":1,"59":1,"60":1,"61":1,"62":1,"63":1,"64":1,"65":1,"66":1,"67":1,"68":1,"69":1,"70":1,"71":1,"72":1,"73":1,"74":1,"75":2,"76":2,"77":2,"78":2,"79":2,"80":2,"81":2,"82":2,"83":2,"84":2,"85":2,"86":2,"87":2,"88":2,"89":2,"90":2,"91":2,"92":2,"93":2,"94":2,"95":2,"96":2,"97":2,"98":2,"99":1,"100":2,"101":2,"102":2,"103":2,"104":2,"105":1,"106":1,"107":0,"108":1,"109":1,"110":1,"111":2,"112":2,"113":2,"114":2,"115":2,"116":2,"117":2,"118":2,"119":2,"120":2,"121":2,"122":2,"123":1,"124":1,"125":1,"126":3,"127":3,"128":3,"129":0,"130":3,"131":3,"132":3,"133":3,"134":2,"135":2,"136":4,"137":4,"138":4,"139":4,"140":1,"141":1,"142":1,"143":1,"144":1,"145":1,"146":1,"147":1,"148":1,"149":1,"150":1,"151":1,"152":1,"153":1,"154":1,"155":1},"f":{"0":0,"1":2,"2":2,"3":3,"4":4,"5":1,"6":1,"7":1},"b":{"0":[1,0],"1":[1,0],"2":[1,0],"3":[1,0],"4":[1,0],"5":[1,0],"6":[1,0],"7":[1,0],"8":[1,0],"9":[1,0],"10":[1,0],"11":[1,0],"12":[1,0],"13":[1,0],"14":[1,0],"15":[1,0],"16":[1,0],"17":[0,1],"18":[0,0],"19":[0,1],"20":[0,0],"21":[1,0],"22":[1,0],"23":[1,0],"24":[1,0],"25":[1,0],"26":[1,0],"27":[1,0],"28":[1,0],"29":[1,0],"30":[1,0],"31":[1,0],"32":[1,1],"33":[1,0],"34":[1,1],"35":[1,0],"36":[1,0],"37":[1,0],"38":[1,1],"39":[1,1],"40":[2,0],"41":[2,0],"42":[1,0],"43":[1,0],"44":[1,0],"45":[1,0],"46":[1,0],"47":[1,1],"48":[0,1],"49":[0,1],"50":[1,0],"51":[0,1],"52":[2,1],"53":[1,0],"54":[1,0],"55":[1,0],"56":[1,0],"57":[1,0],"58":[1,0],"59":[1,0],"60":[1,0],"61":[1,0],"62":[1,0],"63":[1,1],"64":[0,3],"65":[3,3],"66":[1,0],"67":[1,1],"68":[1,0],"69":[1,0],"70":[1,1],"71":[1,0],"72":[1,0],"73":[1,1,1],"74":[1,0,0]},"meta":{"lastBranch":75,"lastFunction":8,"lastStatement":156,"seen":{"s:6:19:6:82":0,"b:6:38:6:59:6:62:6:82":0,"f:6:72:6:73":0,"f:8:22:8:32":1,"s:9:24:9:63":1,"s:10:19:10:53":2,"s:11:26:11:67":3,"s:12:22:12:59":4,"s:13:22:13:59":5,"s:14:26:14:68":6,"s:15:23:15:61":7,"s:16:23:16:61":8,"s:17:32:17:80":9,"s:18:19:18:53":10,"s:19:23:19:61":11,"s:20:23:20:61":12,"s:21:22:21:59":13,"s:22:25:22:65":14,"s:23:23:23:61":15,"s:24:24:24:64":16,"s:25:22:25:60":17,"s:26:23:26:62":18,"s:27:24:27:64":19,"s:28:22:28:60":20,"s:29:22:29:59":21,"s:31:4:73:Infinity":22,"s:32:23:32:49":23,"s:33:8:33:Infinity":24,"b:35:8:35:Infinity:undefined:undefined:undefined:undefined":1,"s:35:8:35:Infinity":25,"s:35:25:35:Infinity":26,"s:37:25:37:56":27,"b:38:8:38:Infinity:undefined:undefined:undefined:undefined":2,"s:38:8:38:Infinity":28,"s:38:20:38:Infinity":29,"b:38:35:38:43:38:47:38:49":3,"b:40:8:40:Infinity:undefined:undefined:undefined:undefined":4,"s:40:8:40:Infinity":30,"s:40:23:40:Infinity":31,"b:40:41:40:52:40:56:40:58":5,"b:42:8:42:Infinity:undefined:undefined:undefined:undefined":6,"s:42:8:42:Infinity":32,"s:42:23:42:Infinity":33,"b:43:8:43:Infinity:undefined:undefined:undefined:undefined":7,"s:43:8:43:Infinity":34,"s:43:23:43:Infinity":35,"b:43:41:43:58:43:62:43:65":8,"b:44:8:44:Infinity:undefined:undefined:undefined:undefined":9,"s:44:8:44:Infinity":36,"s:44:27:44:Infinity":37,"b:44:49:44:71:44:75:44:79":10,"b:45:8:45:Infinity:undefined:undefined:undefined:undefined":11,"s:45:8:45:Infinity":38,"s:45:24:45:Infinity":39,"b:45:43:45:57:45:61:45:63":12,"b:46:8:46:Infinity:undefined:undefined:undefined:undefined":13,"s:46:8:46:Infinity":40,"s:46:24:46:Infinity":41,"b:46:64:46:93:46:96:46:100":14,"b:47:8:47:Infinity:undefined:undefined:undefined:undefined":15,"s:47:8:47:Infinity":42,"s:47:33:47:Infinity":43,"b:48:8:48:Infinity:undefined:undefined:undefined:undefined":16,"s:48:8:48:Infinity":44,"s:48:20:48:Infinity":45,"b:49:8:49:Infinity:undefined:undefined:undefined:undefined":17,"s:49:8:49:Infinity":46,"s:49:24:49:Infinity":47,"b:49:43:49:61:49:65:49:72":18,"b:50:8:50:Infinity:undefined:undefined:undefined:undefined":19,"s:50:8:50:Infinity":48,"s:50:24:50:Infinity":49,"b:50:43:50:61:50:65:50:72":20,"b:51:8:51:Infinity:undefined:undefined:undefined:undefined":21,"s:51:8:51:Infinity":50,"s:51:23:51:Infinity":51,"b:51:41:51:58:51:62:51:64":22,"b:53:8:53:Infinity:undefined:undefined:undefined:undefined":23,"s:53:8:53:Infinity":52,"s:53:26:53:Infinity":53,"b:53:47:53:67:53:71:53:73":24,"b:54:8:54:Infinity:undefined:undefined:undefined:undefined":25,"s:54:8:54:Infinity":54,"s:54:24:54:Infinity":55,"b:54:43:54:61:54:65:54:67":26,"b:56:8:56:Infinity:undefined:undefined:undefined:undefined":27,"s:56:8:56:Infinity":56,"s:56:25:56:Infinity":57,"b:56:47:56:63:56:67:56:72":28,"b:57:8:57:Infinity:undefined:undefined:undefined:undefined":29,"s:57:8:57:Infinity":58,"s:57:23:57:Infinity":59,"b:57:43:57:57:57:61:57:66":30,"b:58:8:58:Infinity:undefined:undefined:undefined:undefined":31,"s:58:8:58:Infinity":60,"s:58:24:58:Infinity":61,"b:58:45:58:60:58:64:58:69":32,"b:59:8:59:Infinity:undefined:undefined:undefined:undefined":33,"s:59:8:59:Infinity":62,"s:59:25:59:Infinity":63,"b:59:47:59:63:59:67:59:72":34,"b:60:8:60:Infinity:undefined:undefined:undefined:undefined":35,"s:60:8:60:Infinity":64,"s:60:23:60:Infinity":65,"b:60:43:60:64:60:68:60:73":36,"s:62:8:62:Infinity":66,"s:63:8:63:Infinity":67,"s:64:8:64:Infinity":68,"b:65:8:67:Infinity:undefined:undefined:undefined:undefined":37,"s:65:8:67:Infinity":69,"b:65:12:65:24:65:28:65:41":38,"s:66:12:66:Infinity":70,"s:68:8:68:Infinity":71,"s:69:8:69:Infinity":72,"s:71:21:71:66":73,"s:72:7:72:Infinity":74,"b:72:37:72:59:72:63:72:64":39,"f:76:22:76:32":2,"s:77:24:77:63":75,"s:78:19:78:53":76,"s:79:26:79:67":77,"s:80:22:80:59":78,"s:81:22:81:59":79,"s:82:26:82:68":80,"s:83:23:83:61":81,"s:84:23:84:61":82,"s:85:32:85:80":83,"s:86:19:86:53":84,"s:87:23:87:61":85,"s:88:23:88:61":86,"s:89:22:89:59":87,"s:90:22:90:59":88,"s:91:25:91:65":89,"s:92:23:92:61":90,"s:93:24:93:64":91,"s:94:22:94:60":92,"s:95:23:95:62":93,"s:96:24:96:64":94,"s:97:22:97:60":95,"s:99:4:130:Infinity":96,"s:100:8:100:Infinity":97,"b:100:57:100:74:100:77:100:79":40,"s:101:8:101:Infinity":98,"b:101:57:101:69:101:72:101:74":41,"s:102:8:102:Infinity":99,"b:102:52:102:71:102:74:102:76":42,"s:103:8:103:Infinity":100,"b:103:53:103:68:103:71:103:95":43,"s:104:8:104:Infinity":101,"b:104:53:104:78:104:81:104:84":44,"s:105:8:105:Infinity":102,"b:105:62:105:91:105:94:105:98":45,"s:106:8:106:Infinity":103,"b:106:51:106:77:106:80:106:82":46,"b:107:8:107:Infinity:undefined:undefined:undefined:undefined":47,"s:107:8:107:Infinity":104,"s:107:20:107:Infinity":105,"b:108:8:108:Infinity:undefined:undefined:undefined:undefined":48,"s:108:8:108:Infinity":106,"s:108:24:108:Infinity":107,"b:109:8:109:Infinity:undefined:undefined:undefined:undefined":49,"s:109:8:109:Infinity":108,"s:109:24:109:Infinity":109,"s:110:8:110:Infinity":110,"b:110:55:110:81:110:84:110:86":50,"s:111:8:111:Infinity":111,"b:111:101:111:107:111:110:111:120":51,"b:111:48:111:67:111:71:111:98":52,"s:112:8:112:Infinity":112,"b:112:47:112:59:112:62:112:69":53,"s:113:8:113:Infinity":113,"b:113:53:113:68:113:71:113:73":54,"s:114:8:114:Infinity":114,"b:114:47:114:62:114:65:114:67":55,"s:116:8:116:Infinity":115,"b:116:59:116:77:116:80:116:82":56,"s:117:8:117:Infinity":116,"b:117:55:117:71:117:74:117:76":57,"s:119:8:119:Infinity":117,"b:119:54:119:73:119:76:119:81":58,"s:120:8:120:Infinity":118,"b:120:50:120:67:120:70:120:75":59,"s:121:8:121:Infinity":119,"b:121:52:121:70:121:73:121:78":60,"s:122:8:122:Infinity":120,"b:122:54:122:73:122:76:122:81":61,"s:123:8:123:Infinity":121,"b:123:57:123:74:123:77:123:82":62,"s:125:8:125:Infinity":122,"s:126:7:126:Infinity":123,"s:128:21:128:66":124,"s:129:7:129:Infinity":125,"b:129:37:129:59:129:63:129:64":63,"f:133:22:133:32":3,"s:134:24:134:63":126,"s:135:26:135:67":127,"b:136:4:136:Infinity:undefined:undefined:undefined:undefined":64,"s:136:4:136:Infinity":128,"b:136:8:136:20:136:24:136:38":65,"s:136:40:136:Infinity":129,"s:137:21:137:38":130,"s:138:4:138:Infinity":131,"s:139:4:151:Infinity":132,"s:140:23:140:77":133,"s:141:8:141:Infinity":134,"s:142:8:147:Infinity":135,"f:142:23:142:24":4,"s:143:24:143:56":136,"s:144:12:144:Infinity":137,"s:145:12:145:Infinity":138,"s:146:12:146:Infinity":139,"s:149:8:149:Infinity":140,"s:150:8:150:Infinity":141,"f:154:16:154:33":5,"s:155:27:155:70":142,"s:156:24:156:63":143,"b:157:4:159:Infinity:undefined:undefined:undefined:undefined":66,"s:157:4:159:Infinity":144,"b:157:8:157:22:157:26:157:37":67,"s:158:8:158:Infinity":145,"b:158:72:158:79:158:82:158:88":68,"f:162:16:162:38":6,"s:163:24:163:64":146,"s:164:24:164:63":147,"b:165:4:168:Infinity:undefined:undefined:undefined:undefined":69,"s:165:4:168:Infinity":148,"b:165:8:165:19:165:23:165:34":70,"s:166:31:166:61":149,"s:167:8:167:Infinity":150,"b:167:81:167:87:167:90:167:97":71,"f:171:16:171:36":7,"s:172:25:172:65":151,"s:173:26:173:67":152,"s:174:24:174:63":153,"b:175:4:178:Infinity:undefined:undefined:undefined:undefined":72,"s:175:4:178:Infinity":154,"b:175:8:175:20:175:24:175:37:175:41:175:52":73,"s:176:8:177:Infinity":155,"b:177:12:177:32:177:36:177:71:177:75:177:105":74}}}
,"X:\\D\\MCTEST\\mc_translator_rs\\frontend\\modules\\dictionary.js": {"path":"X:\\D\\MCTEST\\mc_translator_rs\\frontend\\modules\\dictionary.js","statementMap":{"0":{"start":{"line":5,"column":19},"end":{"line":5,"column":82}},"1":{"start":{"line":7,"column":15},"end":{"line":7,"column":16}},"2":{"start":{"line":8,"column":19},"end":{"line":8,"column":21}},"3":{"start":{"line":9,"column":15},"end":{"line":9,"column":21}},"4":{"start":{"line":12,"column":23},"end":{"line":12,"column":61}},"5":{"start":{"line":13,"column":21},"end":{"line":13,"column":57}},"6":{"start":{"line":14,"column":21},"end":{"line":14,"column":57}},"7":{"start":{"line":15,"column":21},"end":{"line":15,"column":57}},"8":{"start":{"line":16,"column":31},"end":{"line":16,"column":78}},"9":{"start":{"line":18,"column":4},"end":{"line":86,"column":null}},"10":{"start":{"line":19,"column":36},"end":{"line":24,"column":10}},"11":{"start":{"line":26,"column":8},"end":{"line":35,"column":null}},"12":{"start":{"line":27,"column":25},"end":{"line":27,"column":77}},"13":{"start":{"line":28,"column":26},"end":{"line":28,"column":42}},"14":{"start":{"line":29,"column":12},"end":{"line":34,"column":null}},"15":{"start":{"line":30,"column":16},"end":{"line":30,"column":null}},"16":{"start":{"line":33,"column":16},"end":{"line":33,"column":null}},"17":{"start":{"line":36,"column":8},"end":{"line":36,"column":null}},"18":{"start":{"line":36,"column":22},"end":{"line":36,"column":null}},"19":{"start":{"line":37,"column":8},"end":{"line":37,"column":null}},"20":{"start":{"line":37,"column":22},"end":{"line":37,"column":null}},"21":{"start":{"line":39,"column":23},"end":{"line":39,"column":82}},"22":{"start":{"line":40,"column":23},"end":{"line":40,"column":84}},"23":{"start":{"line":41,"column":23},"end":{"line":41,"column":71}},"24":{"start":{"line":42,"column":26},"end":{"line":42,"column":69}},"25":{"start":{"line":44,"column":19},"end":{"line":44,"column":132}},"26":{"start":{"line":45,"column":8},"end":{"line":58,"column":null}},"27":{"start":{"line":46,"column":12},"end":{"line":46,"column":null}},"28":{"start":{"line":48,"column":12},"end":{"line":57,"column":null}},"29":{"start":{"line":49,"column":30},"end":{"line":49,"column":78}},"30":{"start":{"line":50,"column":16},"end":{"line":56,"column":null}},"31":{"start":{"line":59,"column":8},"end":{"line":59,"column":null}},"32":{"start":{"line":60,"column":8},"end":{"line":60,"column":null}},"33":{"start":{"line":60,"column":32},"end":{"line":60,"column":null}},"34":{"start":{"line":62,"column":8},"end":{"line":71,"column":null}},"35":{"start":{"line":63,"column":12},"end":{"line":70,"column":null}},"36":{"start":{"line":64,"column":32},"end":{"line":64,"column":68}},"37":{"start":{"line":65,"column":34},"end":{"line":65,"column":51}},"38":{"start":{"line":66,"column":16},"end":{"line":66,"column":null}},"39":{"start":{"line":67,"column":29},"end":{"line":67,"column":85}},"40":{"start":{"line":68,"column":15},"end":{"line":68,"column":null}},"41":{"start":{"line":69,"column":16},"end":{"line":69,"column":null}},"42":{"start":{"line":73,"column":8},"end":{"line":82,"column":null}},"43":{"start":{"line":74,"column":12},"end":{"line":81,"column":null}},"44":{"start":{"line":75,"column":28},"end":{"line":75,"column":68}},"45":{"start":{"line":76,"column":36},"end":{"line":76,"column":87}},"46":{"start":{"line":77,"column":16},"end":{"line":80,"column":null}},"47":{"start":{"line":78,"column":20},"end":{"line":78,"column":null}},"48":{"start":{"line":79,"column":20},"end":{"line":79,"column":null}},"49":{"start":{"line":84,"column":21},"end":{"line":84,"column":79}},"50":{"start":{"line":85,"column":7},"end":{"line":85,"column":null}},"51":{"start":{"line":90,"column":23},"end":{"line":90,"column":62}},"52":{"start":{"line":91,"column":23},"end":{"line":91,"column":61}},"53":{"start":{"line":92,"column":20},"end":{"line":92,"column":55}},"54":{"start":{"line":93,"column":24},"end":{"line":93,"column":63}},"55":{"start":{"line":94,"column":23},"end":{"line":94,"column":61}},"56":{"start":{"line":95,"column":21},"end":{"line":95,"column":57}},"57":{"start":{"line":96,"column":21},"end":{"line":96,"column":57}},"58":{"start":{"line":97,"column":29},"end":{"line":97,"column":74}},"59":{"start":{"line":100,"column":23},"end":{"line":100,"column":62}},"60":{"start":{"line":101,"column":27},"end":{"line":101,"column":70}},"61":{"start":{"line":102,"column":25},"end":{"line":102,"column":66}},"62":{"start":{"line":103,"column":27},"end":{"line":103,"column":70}},"63":{"start":{"line":104,"column":25},"end":{"line":104,"column":66}},"64":{"start":{"line":105,"column":26},"end":{"line":105,"column":68}},"65":{"start":{"line":106,"column":26},"end":{"line":106,"column":68}},"66":{"start":{"line":107,"column":28},"end":{"line":107,"column":73}},"67":{"start":{"line":109,"column":4},"end":{"line":116,"column":null}},"68":{"start":{"line":110,"column":8},"end":{"line":115,"column":null}},"69":{"start":{"line":111,"column":12},"end":{"line":111,"column":null}},"70":{"start":{"line":112,"column":12},"end":{"line":112,"column":null}},"71":{"start":{"line":113,"column":12},"end":{"line":113,"column":null}},"72":{"start":{"line":114,"column":12},"end":{"line":114,"column":null}},"73":{"start":{"line":114,"column":34},"end":{"line":114,"column":null}},"74":{"start":{"line":117,"column":4},"end":{"line":127,"column":null}},"75":{"start":{"line":118,"column":8},"end":{"line":127,"column":null}},"76":{"start":{"line":119,"column":12},"end":{"line":119,"column":null}},"77":{"start":{"line":120,"column":12},"end":{"line":120,"column":null}},"78":{"start":{"line":121,"column":12},"end":{"line":121,"column":null}},"79":{"start":{"line":121,"column":29},"end":{"line":121,"column":null}},"80":{"start":{"line":122,"column":12},"end":{"line":122,"column":null}},"81":{"start":{"line":123,"column":12},"end":{"line":123,"column":null}},"82":{"start":{"line":126,"column":12},"end":{"line":126,"column":null}},"83":{"start":{"line":126,"column":34},"end":{"line":126,"column":null}},"84":{"start":{"line":128,"column":4},"end":{"line":138,"column":null}},"85":{"start":{"line":129,"column":8},"end":{"line":138,"column":null}},"86":{"start":{"line":130,"column":12},"end":{"line":130,"column":null}},"87":{"start":{"line":131,"column":12},"end":{"line":131,"column":null}},"88":{"start":{"line":132,"column":12},"end":{"line":132,"column":null}},"89":{"start":{"line":132,"column":25},"end":{"line":132,"column":null}},"90":{"start":{"line":133,"column":12},"end":{"line":133,"column":null}},"91":{"start":{"line":134,"column":12},"end":{"line":134,"column":null}},"92":{"start":{"line":137,"column":12},"end":{"line":137,"column":null}},"93":{"start":{"line":137,"column":34},"end":{"line":137,"column":null}},"94":{"start":{"line":139,"column":4},"end":{"line":143,"column":null}},"95":{"start":{"line":140,"column":8},"end":{"line":143,"column":null}},"96":{"start":{"line":141,"column":12},"end":{"line":141,"column":null}},"97":{"start":{"line":142,"column":12},"end":{"line":142,"column":null}},"98":{"start":{"line":145,"column":24},"end":{"line":145,"column":72}},"99":{"start":{"line":146,"column":4},"end":{"line":151,"column":null}},"100":{"start":{"line":147,"column":8},"end":{"line":150,"column":null}},"101":{"start":{"line":148,"column":12},"end":{"line":148,"column":25}},"102":{"start":{"line":149,"column":12},"end":{"line":149,"column":null}},"103":{"start":{"line":152,"column":4},"end":{"line":158,"column":null}},"104":{"start":{"line":153,"column":8},"end":{"line":158,"column":null}},"105":{"start":{"line":154,"column":12},"end":{"line":157,"column":null}},"106":{"start":{"line":155,"column":16},"end":{"line":155,"column":null}},"107":{"start":{"line":156,"column":16},"end":{"line":156,"column":null}},"108":{"start":{"line":159,"column":4},"end":{"line":163,"column":null}},"109":{"start":{"line":160,"column":8},"end":{"line":163,"column":null}},"110":{"start":{"line":161,"column":12},"end":{"line":161,"column":null}},"111":{"start":{"line":162,"column":12},"end":{"line":162,"column":null}},"112":{"start":{"line":165,"column":4},"end":{"line":180,"column":null}},"113":{"start":{"line":166,"column":8},"end":{"line":179,"column":null}},"114":{"start":{"line":167,"column":28},"end":{"line":167,"column":53}},"115":{"start":{"line":168,"column":30},"end":{"line":168,"column":57}},"116":{"start":{"line":169,"column":12},"end":{"line":169,"column":null}},"117":{"start":{"line":169,"column":26},"end":{"line":169,"column":null}},"118":{"start":{"line":170,"column":12},"end":{"line":178,"column":null}},"119":{"start":{"line":171,"column":16},"end":{"line":171,"column":null}},"120":{"start":{"line":172,"column":15},"end":{"line":172,"column":null}},"121":{"start":{"line":173,"column":16},"end":{"line":173,"column":null}},"122":{"start":{"line":174,"column":16},"end":{"line":174,"column":null}},"123":{"start":{"line":175,"column":16},"end":{"line":175,"column":null}},"124":{"start":{"line":177,"column":15},"end":{"line":177,"column":null}},"125":{"start":{"line":182,"column":4},"end":{"line":201,"column":null}},"126":{"start":{"line":183,"column":8},"end":{"line":200,"column":null}},"127":{"start":{"line":184,"column":25},"end":{"line":184,"column":50}},"128":{"start":{"line":185,"column":25},"end":{"line":185,"column":52}},"129":{"start":{"line":186,"column":12},"end":{"line":186,"column":null}},"130":{"start":{"line":186,"column":32},"end":{"line":186,"column":null}},"131":{"start":{"line":187,"column":12},"end":{"line":199,"column":null}},"132":{"start":{"line":188,"column":16},"end":{"line":198,"column":null}},"133":{"start":{"line":189,"column":20},"end":{"line":189,"column":null}},"134":{"start":{"line":190,"column":19},"end":{"line":190,"column":null}},"135":{"start":{"line":191,"column":20},"end":{"line":191,"column":null}},"136":{"start":{"line":192,"column":20},"end":{"line":192,"column":null}},"137":{"start":{"line":193,"column":20},"end":{"line":193,"column":null}},"138":{"start":{"line":195,"column":19},"end":{"line":197,"column":null}},"139":{"start":{"line":203,"column":4},"end":{"line":218,"column":null}},"140":{"start":{"line":204,"column":8},"end":{"line":217,"column":null}},"141":{"start":{"line":205,"column":12},"end":{"line":205,"column":null}},"142":{"start":{"line":205,"column":37},"end":{"line":205,"column":null}},"143":{"start":{"line":206,"column":12},"end":{"line":216,"column":null}},"144":{"start":{"line":207,"column":16},"end":{"line":215,"column":null}},"145":{"start":{"line":208,"column":20},"end":{"line":208,"column":null}},"146":{"start":{"line":209,"column":19},"end":{"line":209,"column":null}},"147":{"start":{"line":210,"column":20},"end":{"line":210,"column":null}},"148":{"start":{"line":212,"column":19},"end":{"line":214,"column":null}},"149":{"start":{"line":220,"column":4},"end":{"line":234,"column":null}},"150":{"start":{"line":221,"column":8},"end":{"line":233,"column":null}},"151":{"start":{"line":222,"column":12},"end":{"line":222,"column":null}},"152":{"start":{"line":222,"column":37},"end":{"line":222,"column":null}},"153":{"start":{"line":223,"column":12},"end":{"line":232,"column":null}},"154":{"start":{"line":224,"column":29},"end":{"line":224,"column":83}},"155":{"start":{"line":225,"column":16},"end":{"line":229,"column":null}},"156":{"start":{"line":226,"column":20},"end":{"line":226,"column":null}},"157":{"start":{"line":227,"column":19},"end":{"line":227,"column":null}},"158":{"start":{"line":228,"column":20},"end":{"line":228,"column":null}},"159":{"start":{"line":231,"column":15},"end":{"line":231,"column":null}},"160":{"start":{"line":236,"column":4},"end":{"line":249,"column":null}},"161":{"start":{"line":237,"column":8},"end":{"line":248,"column":null}},"162":{"start":{"line":238,"column":12},"end":{"line":247,"column":null}},"163":{"start":{"line":239,"column":29},"end":{"line":239,"column":88}},"164":{"start":{"line":240,"column":16},"end":{"line":244,"column":null}},"165":{"start":{"line":241,"column":39},"end":{"line":241,"column":85}},"166":{"start":{"line":242,"column":20},"end":{"line":242,"column":null}},"167":{"start":{"line":243,"column":19},"end":{"line":243,"column":null}},"168":{"start":{"line":246,"column":15},"end":{"line":246,"column":null}},"169":{"start":{"line":251,"column":4},"end":{"line":260,"column":null}},"170":{"start":{"line":252,"column":8},"end":{"line":259,"column":null}},"171":{"start":{"line":253,"column":12},"end":{"line":258,"column":null}},"172":{"start":{"line":255,"column":16},"end":{"line":255,"column":null}},"173":{"start":{"line":257,"column":15},"end":{"line":257,"column":null}}},"fnMap":{"0":{"name":"(anonymous_0)","decl":{"start":{"line":5,"column":72},"end":{"line":5,"column":73}},"loc":{"start":{"line":5,"column":78},"end":{"line":5,"column":80}},"line":5},"1":{"name":"loadDictionary","decl":{"start":{"line":11,"column":22},"end":{"line":11,"column":36}},"loc":{"start":{"line":11,"column":39},"end":{"line":87,"column":null}},"line":11},"2":{"name":"(anonymous_2)","decl":{"start":{"line":48,"column":26},"end":{"line":48,"column":27}},"loc":{"start":{"line":48,"column":38},"end":{"line":57,"column":13}},"line":48},"3":{"name":"(anonymous_3)","decl":{"start":{"line":62,"column":57},"end":{"line":62,"column":58}},"loc":{"start":{"line":62,"column":74},"end":{"line":71,"column":9}},"line":62},"4":{"name":"(anonymous_4)","decl":{"start":{"line":63,"column":51},"end":{"line":63,"column":56}},"loc":{"start":{"line":63,"column":68},"end":{"line":70,"column":13}},"line":63},"5":{"name":"(anonymous_5)","decl":{"start":{"line":73,"column":58},"end":{"line":73,"column":59}},"loc":{"start":{"line":74,"column":12},"end":{"line":81,"column":null}},"line":74},"6":{"name":"(anonymous_6)","decl":{"start":{"line":74,"column":40},"end":{"line":74,"column":45}},"loc":{"start":{"line":74,"column":53},"end":{"line":81,"column":13}},"line":74},"7":{"name":"initDictionary","decl":{"start":{"line":89,"column":16},"end":{"line":89,"column":30}},"loc":{"start":{"line":89,"column":33},"end":{"line":261,"column":null}},"line":89},"8":{"name":"(anonymous_8)","decl":{"start":{"line":110,"column":45},"end":{"line":110,"column":46}},"loc":{"start":{"line":110,"column":51},"end":{"line":115,"column":9}},"line":110},"9":{"name":"(anonymous_9)","decl":{"start":{"line":118,"column":42},"end":{"line":118,"column":43}},"loc":{"start":{"line":118,"column":48},"end":{"line":127,"column":9}},"line":118},"10":{"name":"(anonymous_10)","decl":{"start":{"line":129,"column":46},"end":{"line":129,"column":47}},"loc":{"start":{"line":129,"column":52},"end":{"line":138,"column":9}},"line":129},"11":{"name":"(anonymous_11)","decl":{"start":{"line":140,"column":45},"end":{"line":140,"column":46}},"loc":{"start":{"line":140,"column":51},"end":{"line":143,"column":9}},"line":140},"12":{"name":"(anonymous_12)","decl":{"start":{"line":147,"column":47},"end":{"line":147,"column":48}},"loc":{"start":{"line":147,"column":53},"end":{"line":150,"column":9}},"line":147},"13":{"name":"(anonymous_13)","decl":{"start":{"line":153,"column":43},"end":{"line":153,"column":44}},"loc":{"start":{"line":153,"column":49},"end":{"line":158,"column":9}},"line":153},"14":{"name":"(anonymous_14)","decl":{"start":{"line":160,"column":43},"end":{"line":160,"column":44}},"loc":{"start":{"line":160,"column":49},"end":{"line":163,"column":9}},"line":160},"15":{"name":"(anonymous_15)","decl":{"start":{"line":166,"column":45},"end":{"line":166,"column":50}},"loc":{"start":{"line":166,"column":57},"end":{"line":179,"column":9}},"line":166},"16":{"name":"(anonymous_16)","decl":{"start":{"line":183,"column":49},"end":{"line":183,"column":54}},"loc":{"start":{"line":183,"column":61},"end":{"line":200,"column":9}},"line":183},"17":{"name":"(anonymous_17)","decl":{"start":{"line":204,"column":47},"end":{"line":204,"column":52}},"loc":{"start":{"line":204,"column":59},"end":{"line":217,"column":9}},"line":204},"18":{"name":"(anonymous_18)","decl":{"start":{"line":221,"column":48},"end":{"line":221,"column":53}},"loc":{"start":{"line":221,"column":60},"end":{"line":233,"column":9}},"line":221},"19":{"name":"(anonymous_19)","decl":{"start":{"line":237,"column":48},"end":{"line":237,"column":53}},"loc":{"start":{"line":237,"column":60},"end":{"line":248,"column":9}},"line":237},"20":{"name":"(anonymous_20)","decl":{"start":{"line":252,"column":50},"end":{"line":252,"column":55}},"loc":{"start":{"line":252,"column":62},"end":{"line":259,"column":9}},"line":252}},"branchMap":{"0":{"loc":{"start":{"line":5,"column":19},"end":{"line":5,"column":82}},"type":"cond-expr","locations":[{"start":{"line":5,"column":38},"end":{"line":5,"column":59}},{"start":{"line":5,"column":62},"end":{"line":5,"column":82}}],"line":5},"1":{"loc":{"start":{"line":23,"column":23},"end":{"line":23,"column":64}},"type":"cond-expr","locations":[{"start":{"line":23,"column":36},"end":{"line":23,"column":59}},{"start":{"line":23,"column":62},"end":{"line":23,"column":64}}],"line":23},"2":{"loc":{"start":{"line":26,"column":8},"end":{"line":35,"column":null}},"type":"if","locations":[{"start":{"line":26,"column":8},"end":{"line":35,"column":null}},{"start":{},"end":{}}],"line":26},"3":{"loc":{"start":{"line":27,"column":25},"end":{"line":27,"column":77}},"type":"binary-expr","locations":[{"start":{"line":27,"column":25},"end":{"line":27,"column":60}},{"start":{"line":27,"column":64},"end":{"line":27,"column":77}}],"line":27},"4":{"loc":{"start":{"line":29,"column":12},"end":{"line":34,"column":null}},"type":"if","locations":[{"start":{"line":29,"column":12},"end":{"line":34,"column":null}},{"start":{"line":31,"column":19},"end":{"line":34,"column":null}}],"line":29},"5":{"loc":{"start":{"line":30,"column":79},"end":{"line":30,"column":94}},"type":"binary-expr","locations":[{"start":{"line":30,"column":79},"end":{"line":30,"column":89}},{"start":{"line":30,"column":93},"end":{"line":30,"column":94}}],"line":30},"6":{"loc":{"start":{"line":33,"column":86},"end":{"line":33,"column":101}},"type":"binary-expr","locations":[{"start":{"line":33,"column":86},"end":{"line":33,"column":96}},{"start":{"line":33,"column":100},"end":{"line":33,"column":101}}],"line":33},"7":{"loc":{"start":{"line":36,"column":8},"end":{"line":36,"column":null}},"type":"if","locations":[{"start":{"line":36,"column":8},"end":{"line":36,"column":null}},{"start":{},"end":{}}],"line":36},"8":{"loc":{"start":{"line":37,"column":8},"end":{"line":37,"column":null}},"type":"if","locations":[{"start":{"line":37,"column":8},"end":{"line":37,"column":null}},{"start":{},"end":{}}],"line":37},"9":{"loc":{"start":{"line":37,"column":42},"end":{"line":37,"column":88}},"type":"binary-expr","locations":[{"start":{"line":37,"column":42},"end":{"line":37,"column":58}},{"start":{"line":37,"column":62},"end":{"line":37,"column":88}}],"line":37},"10":{"loc":{"start":{"line":39,"column":24},"end":{"line":39,"column":64}},"type":"binary-expr","locations":[{"start":{"line":39,"column":24},"end":{"line":39,"column":56}},{"start":{"line":39,"column":60},"end":{"line":39,"column":64}}],"line":39},"11":{"loc":{"start":{"line":40,"column":24},"end":{"line":40,"column":66}},"type":"binary-expr","locations":[{"start":{"line":40,"column":24},"end":{"line":40,"column":58}},{"start":{"line":40,"column":62},"end":{"line":40,"column":66}}],"line":40},"12":{"loc":{"start":{"line":41,"column":23},"end":{"line":41,"column":71}},"type":"binary-expr","locations":[{"start":{"line":41,"column":23},"end":{"line":41,"column":63}},{"start":{"line":41,"column":67},"end":{"line":41,"column":71}}],"line":41},"13":{"loc":{"start":{"line":42,"column":26},"end":{"line":42,"column":69}},"type":"binary-expr","locations":[{"start":{"line":42,"column":26},"end":{"line":42,"column":60}},{"start":{"line":42,"column":64},"end":{"line":42,"column":69}}],"line":42},"14":{"loc":{"start":{"line":45,"column":8},"end":{"line":58,"column":null}},"type":"if","locations":[{"start":{"line":45,"column":8},"end":{"line":58,"column":null}},{"start":{"line":47,"column":15},"end":{"line":58,"column":null}}],"line":45},"15":{"loc":{"start":{"line":45,"column":12},"end":{"line":45,"column":40}},"type":"binary-expr","locations":[{"start":{"line":45,"column":12},"end":{"line":45,"column":18}},{"start":{"line":45,"column":22},"end":{"line":45,"column":40}}],"line":45},"16":{"loc":{"start":{"line":54,"column":26},"end":{"line":54,"column":187}},"type":"cond-expr","locations":[{"start":{"line":54,"column":48},"end":{"line":54,"column":182}},{"start":{"line":54,"column":185},"end":{"line":54,"column":187}}],"line":54},"17":{"loc":{"start":{"line":60,"column":8},"end":{"line":60,"column":null}},"type":"if","locations":[{"start":{"line":60,"column":8},"end":{"line":60,"column":null}},{"start":{},"end":{}}],"line":60},"18":{"loc":{"start":{"line":67,"column":29},"end":{"line":67,"column":85}},"type":"binary-expr","locations":[{"start":{"line":67,"column":29},"end":{"line":67,"column":73}},{"start":{"line":67,"column":77},"end":{"line":67,"column":85}}],"line":67},"19":{"loc":{"start":{"line":77,"column":16},"end":{"line":80,"column":null}},"type":"if","locations":[{"start":{"line":77,"column":16},"end":{"line":80,"column":null}},{"start":{},"end":{}}],"line":77},"20":{"loc":{"start":{"line":84,"column":21},"end":{"line":84,"column":79}},"type":"binary-expr","locations":[{"start":{"line":84,"column":21},"end":{"line":84,"column":64}},{"start":{"line":84,"column":68},"end":{"line":84,"column":79}}],"line":84},"21":{"loc":{"start":{"line":85,"column":37},"end":{"line":85,"column":64}},"type":"binary-expr","locations":[{"start":{"line":85,"column":37},"end":{"line":85,"column":59}},{"start":{"line":85,"column":63},"end":{"line":85,"column":64}}],"line":85},"22":{"loc":{"start":{"line":109,"column":4},"end":{"line":116,"column":null}},"type":"if","locations":[{"start":{"line":109,"column":4},"end":{"line":116,"column":null}},{"start":{},"end":{}}],"line":109},"23":{"loc":{"start":{"line":109,"column":8},"end":{"line":109,"column":32}},"type":"binary-expr","locations":[{"start":{"line":109,"column":8},"end":{"line":109,"column":18}},{"start":{"line":109,"column":22},"end":{"line":109,"column":32}}],"line":109},"24":{"loc":{"start":{"line":114,"column":12},"end":{"line":114,"column":null}},"type":"if","locations":[{"start":{"line":114,"column":12},"end":{"line":114,"column":null}},{"start":{},"end":{}}],"line":114},"25":{"loc":{"start":{"line":117,"column":4},"end":{"line":127,"column":null}},"type":"if","locations":[{"start":{"line":117,"column":4},"end":{"line":127,"column":null}},{"start":{},"end":{}}],"line":117},"26":{"loc":{"start":{"line":121,"column":12},"end":{"line":121,"column":null}},"type":"if","locations":[{"start":{"line":121,"column":12},"end":{"line":121,"column":null}},{"start":{},"end":{}}],"line":121},"27":{"loc":{"start":{"line":126,"column":12},"end":{"line":126,"column":null}},"type":"if","locations":[{"start":{"line":126,"column":12},"end":{"line":126,"column":null}},{"start":{},"end":{}}],"line":126},"28":{"loc":{"start":{"line":128,"column":4},"end":{"line":138,"column":null}},"type":"if","locations":[{"start":{"line":128,"column":4},"end":{"line":138,"column":null}},{"start":{},"end":{}}],"line":128},"29":{"loc":{"start":{"line":132,"column":12},"end":{"line":132,"column":null}},"type":"if","locations":[{"start":{"line":132,"column":12},"end":{"line":132,"column":null}},{"start":{},"end":{}}],"line":132},"30":{"loc":{"start":{"line":137,"column":12},"end":{"line":137,"column":null}},"type":"if","locations":[{"start":{"line":137,"column":12},"end":{"line":137,"column":null}},{"start":{},"end":{}}],"line":137},"31":{"loc":{"start":{"line":139,"column":4},"end":{"line":143,"column":null}},"type":"if","locations":[{"start":{"line":139,"column":4},"end":{"line":143,"column":null}},{"start":{},"end":{}}],"line":139},"32":{"loc":{"start":{"line":146,"column":4},"end":{"line":151,"column":null}},"type":"if","locations":[{"start":{"line":146,"column":4},"end":{"line":151,"column":null}},{"start":{},"end":{}}],"line":146},"33":{"loc":{"start":{"line":152,"column":4},"end":{"line":158,"column":null}},"type":"if","locations":[{"start":{"line":152,"column":4},"end":{"line":158,"column":null}},{"start":{},"end":{}}],"line":152},"34":{"loc":{"start":{"line":154,"column":12},"end":{"line":157,"column":null}},"type":"if","locations":[{"start":{"line":154,"column":12},"end":{"line":157,"column":null}},{"start":{},"end":{}}],"line":154},"35":{"loc":{"start":{"line":159,"column":4},"end":{"line":163,"column":null}},"type":"if","locations":[{"start":{"line":159,"column":4},"end":{"line":163,"column":null}},{"start":{},"end":{}}],"line":159},"36":{"loc":{"start":{"line":165,"column":4},"end":{"line":180,"column":null}},"type":"if","locations":[{"start":{"line":165,"column":4},"end":{"line":180,"column":null}},{"start":{},"end":{}}],"line":165},"37":{"loc":{"start":{"line":165,"column":8},"end":{"line":165,"column":52}},"type":"binary-expr","locations":[{"start":{"line":165,"column":8},"end":{"line":165,"column":18}},{"start":{"line":165,"column":22},"end":{"line":165,"column":34}},{"start":{"line":165,"column":38},"end":{"line":165,"column":52}}],"line":165},"38":{"loc":{"start":{"line":169,"column":12},"end":{"line":169,"column":null}},"type":"if","locations":[{"start":{"line":169,"column":12},"end":{"line":169,"column":null}},{"start":{},"end":{}}],"line":169},"39":{"loc":{"start":{"line":177,"column":83},"end":{"line":177,"column":110}},"type":"binary-expr","locations":[{"start":{"line":177,"column":83},"end":{"line":177,"column":105}},{"start":{"line":177,"column":109},"end":{"line":177,"column":110}}],"line":177},"40":{"loc":{"start":{"line":182,"column":4},"end":{"line":201,"column":null}},"type":"if","locations":[{"start":{"line":182,"column":4},"end":{"line":201,"column":null}},{"start":{},"end":{}}],"line":182},"41":{"loc":{"start":{"line":182,"column":8},"end":{"line":182,"column":56}},"type":"binary-expr","locations":[{"start":{"line":182,"column":8},"end":{"line":182,"column":22}},{"start":{"line":182,"column":26},"end":{"line":182,"column":38}},{"start":{"line":182,"column":42},"end":{"line":182,"column":56}}],"line":182},"42":{"loc":{"start":{"line":186,"column":12},"end":{"line":186,"column":null}},"type":"if","locations":[{"start":{"line":186,"column":12},"end":{"line":186,"column":null}},{"start":{},"end":{}}],"line":186},"43":{"loc":{"start":{"line":186,"column":16},"end":{"line":186,"column":30}},"type":"binary-expr","locations":[{"start":{"line":186,"column":16},"end":{"line":186,"column":21}},{"start":{"line":186,"column":25},"end":{"line":186,"column":30}}],"line":186},"44":{"loc":{"start":{"line":187,"column":12},"end":{"line":199,"column":null}},"type":"if","locations":[{"start":{"line":187,"column":12},"end":{"line":199,"column":null}},{"start":{},"end":{}}],"line":187},"45":{"loc":{"start":{"line":196,"column":85},"end":{"line":196,"column":112}},"type":"binary-expr","locations":[{"start":{"line":196,"column":85},"end":{"line":196,"column":107}},{"start":{"line":196,"column":111},"end":{"line":196,"column":112}}],"line":196},"46":{"loc":{"start":{"line":203,"column":4},"end":{"line":218,"column":null}},"type":"if","locations":[{"start":{"line":203,"column":4},"end":{"line":218,"column":null}},{"start":{},"end":{}}],"line":203},"47":{"loc":{"start":{"line":205,"column":12},"end":{"line":205,"column":null}},"type":"if","locations":[{"start":{"line":205,"column":12},"end":{"line":205,"column":null}},{"start":{},"end":{}}],"line":205},"48":{"loc":{"start":{"line":206,"column":12},"end":{"line":216,"column":null}},"type":"if","locations":[{"start":{"line":206,"column":12},"end":{"line":216,"column":null}},{"start":{},"end":{}}],"line":206},"49":{"loc":{"start":{"line":213,"column":85},"end":{"line":213,"column":112}},"type":"binary-expr","locations":[{"start":{"line":213,"column":85},"end":{"line":213,"column":107}},{"start":{"line":213,"column":111},"end":{"line":213,"column":112}}],"line":213},"50":{"loc":{"start":{"line":220,"column":4},"end":{"line":234,"column":null}},"type":"if","locations":[{"start":{"line":220,"column":4},"end":{"line":234,"column":null}},{"start":{},"end":{}}],"line":220},"51":{"loc":{"start":{"line":222,"column":12},"end":{"line":222,"column":null}},"type":"if","locations":[{"start":{"line":222,"column":12},"end":{"line":222,"column":null}},{"start":{},"end":{}}],"line":222},"52":{"loc":{"start":{"line":225,"column":16},"end":{"line":229,"column":null}},"type":"if","locations":[{"start":{"line":225,"column":16},"end":{"line":229,"column":null}},{"start":{},"end":{}}],"line":225},"53":{"loc":{"start":{"line":231,"column":83},"end":{"line":231,"column":110}},"type":"binary-expr","locations":[{"start":{"line":231,"column":83},"end":{"line":231,"column":105}},{"start":{"line":231,"column":109},"end":{"line":231,"column":110}}],"line":231},"54":{"loc":{"start":{"line":236,"column":4},"end":{"line":249,"column":null}},"type":"if","locations":[{"start":{"line":236,"column":4},"end":{"line":249,"column":null}},{"start":{},"end":{}}],"line":236},"55":{"loc":{"start":{"line":240,"column":16},"end":{"line":244,"column":null}},"type":"if","locations":[{"start":{"line":240,"column":16},"end":{"line":244,"column":null}},{"start":{},"end":{}}],"line":240},"56":{"loc":{"start":{"line":241,"column":39},"end":{"line":241,"column":85}},"type":"cond-expr","locations":[{"start":{"line":241,"column":64},"end":{"line":241,"column":68}},{"start":{"line":241,"column":71},"end":{"line":241,"column":85}}],"line":241},"57":{"loc":{"start":{"line":246,"column":87},"end":{"line":246,"column":114}},"type":"binary-expr","locations":[{"start":{"line":246,"column":87},"end":{"line":246,"column":109}},{"start":{"line":246,"column":113},"end":{"line":246,"column":114}}],"line":246},"58":{"loc":{"start":{"line":251,"column":4},"end":{"line":260,"column":null}},"type":"if","locations":[{"start":{"line":251,"column":4},"end":{"line":260,"column":null}},{"start":{},"end":{}}],"line":251}},"s":{"0":1,"1":1,"2":1,"3":1,"4":18,"5":18,"6":18,"7":18,"8":18,"9":18,"10":18,"11":18,"12":16,"13":16,"14":16,"15":15,"16":1,"17":16,"18":16,"19":16,"20":16,"21":16,"22":18,"23":18,"24":18,"25":18,"26":18,"27":6,"28":10,"29":10,"30":10,"31":15,"32":15,"33":15,"34":15,"35":10,"36":1,"37":1,"38":1,"39":1,"40":1,"41":1,"42":15,"43":10,"44":1,"45":1,"46":1,"47":1,"48":1,"49":3,"50":3,"51":17,"52":17,"53":17,"54":17,"55":17,"56":17,"57":17,"58":17,"59":17,"60":17,"61":17,"62":17,"63":17,"64":17,"65":17,"66":17,"67":17,"68":17,"69":1,"70":1,"71":1,"72":1,"73":1,"74":17,"75":17,"76":2,"77":2,"78":2,"79":2,"80":2,"81":2,"82":2,"83":2,"84":17,"85":17,"86":1,"87":1,"88":1,"89":1,"90":1,"91":1,"92":1,"93":1,"94":17,"95":17,"96":1,"97":1,"98":17,"99":17,"100":1,"101":1,"102":1,"103":17,"104":17,"105":1,"106":1,"107":1,"108":17,"109":17,"110":1,"111":1,"112":17,"113":17,"114":3,"115":3,"116":3,"117":1,"118":2,"119":2,"120":1,"121":1,"122":1,"123":1,"124":1,"125":17,"126":17,"127":1,"128":1,"129":1,"130":0,"131":1,"132":1,"133":1,"134":1,"135":1,"136":1,"137":1,"138":1,"139":17,"140":17,"141":2,"142":0,"143":2,"144":2,"145":2,"146":1,"147":1,"148":1,"149":17,"150":17,"151":2,"152":0,"153":2,"154":2,"155":2,"156":2,"157":1,"158":1,"159":1,"160":17,"161":17,"162":2,"163":2,"164":2,"165":2,"166":2,"167":1,"168":1,"169":17,"170":2,"171":2,"172":2,"173":1},"f":{"0":0,"1":18,"2":10,"3":10,"4":1,"5":10,"6":1,"7":17,"8":1,"9":2,"10":1,"11":1,"12":1,"13":1,"14":1,"15":3,"16":1,"17":2,"18":2,"19":2,"20":2},"b":{"0":[1,0],"1":[18,0],"2":[16,2],"3":[16,0],"4":[15,1],"5":[15,0],"6":[1,0],"7":[16,0],"8":[16,0],"9":[16,16],"10":[16,0],"11":[18,0],"12":[18,16],"13":[18,16],"14":[6,10],"15":[18,16],"16":[10,0],"17":[15,0],"18":[1,0],"19":[1,0],"20":[3,0],"21":[3,3],"22":[17,0],"23":[17,17],"24":[1,0],"25":[17,0],"26":[2,0],"27":[2,0],"28":[17,0],"29":[1,0],"30":[1,0],"31":[17,0],"32":[1,16],"33":[17,0],"34":[1,0],"35":[17,0],"36":[17,0],"37":[17,17,17],"38":[1,2],"39":[1,1],"40":[17,0],"41":[17,17,17],"42":[0,1],"43":[1,1],"44":[1,0],"45":[1,1],"46":[17,0],"47":[0,2],"48":[2,0],"49":[1,1],"50":[17,0],"51":[0,2],"52":[2,0],"53":[1,1],"54":[17,0],"55":[2,0],"56":[2,0],"57":[1,1],"58":[2,15]},"meta":{"lastBranch":59,"lastFunction":21,"lastStatement":174,"seen":{"s:5:19:5:82":0,"b:5:38:5:59:5:62:5:82":0,"f:5:72:5:73":0,"s:7:15:7:16":1,"s:8:19:8:21":2,"s:9:15:9:21":3,"f:11:22:11:36":1,"s:12:23:12:61":4,"s:13:21:13:57":5,"s:14:21:14:57":6,"s:15:21:15:57":7,"s:16:31:16:78":8,"s:18:4:86:Infinity":9,"s:19:36:24:10":10,"b:23:36:23:59:23:62:23:64":1,"b:26:8:35:Infinity:undefined:undefined:undefined:undefined":2,"s:26:8:35:Infinity":11,"s:27:25:27:77":12,"b:27:25:27:60:27:64:27:77":3,"s:28:26:28:42":13,"b:29:12:34:Infinity:31:19:34:Infinity":4,"s:29:12:34:Infinity":14,"s:30:16:30:Infinity":15,"b:30:79:30:89:30:93:30:94":5,"s:33:16:33:Infinity":16,"b:33:86:33:96:33:100:33:101":6,"b:36:8:36:Infinity:undefined:undefined:undefined:undefined":7,"s:36:8:36:Infinity":17,"s:36:22:36:Infinity":18,"b:37:8:37:Infinity:undefined:undefined:undefined:undefined":8,"s:37:8:37:Infinity":19,"s:37:22:37:Infinity":20,"b:37:42:37:58:37:62:37:88":9,"s:39:23:39:82":21,"b:39:24:39:56:39:60:39:64":10,"s:40:23:40:84":22,"b:40:24:40:58:40:62:40:66":11,"s:41:23:41:71":23,"b:41:23:41:63:41:67:41:71":12,"s:42:26:42:69":24,"b:42:26:42:60:42:64:42:69":13,"s:44:19:44:132":25,"b:45:8:58:Infinity:47:15:58:Infinity":14,"s:45:8:58:Infinity":26,"b:45:12:45:18:45:22:45:40":15,"s:46:12:46:Infinity":27,"s:48:12:57:Infinity":28,"f:48:26:48:27":2,"s:49:30:49:78":29,"s:50:16:56:Infinity":30,"b:54:48:54:182:54:185:54:187":16,"s:59:8:59:Infinity":31,"b:60:8:60:Infinity:undefined:undefined:undefined:undefined":17,"s:60:8:60:Infinity":32,"s:60:32:60:Infinity":33,"s:62:8:71:Infinity":34,"f:62:57:62:58":3,"s:63:12:70:Infinity":35,"f:63:51:63:56":4,"s:64:32:64:68":36,"s:65:34:65:51":37,"s:66:16:66:Infinity":38,"s:67:29:67:85":39,"b:67:29:67:73:67:77:67:85":18,"s:68:15:68:Infinity":40,"s:69:16:69:Infinity":41,"s:73:8:82:Infinity":42,"f:73:58:73:59":5,"s:74:12:81:Infinity":43,"f:74:40:74:45":6,"s:75:28:75:68":44,"s:76:36:76:87":45,"b:77:16:80:Infinity:undefined:undefined:undefined:undefined":19,"s:77:16:80:Infinity":46,"s:78:20:78:Infinity":47,"s:79:20:79:Infinity":48,"s:84:21:84:79":49,"b:84:21:84:64:84:68:84:79":20,"s:85:7:85:Infinity":50,"b:85:37:85:59:85:63:85:64":21,"f:89:16:89:30":7,"s:90:23:90:62":51,"s:91:23:91:61":52,"s:92:20:92:55":53,"s:93:24:93:63":54,"s:94:23:94:61":55,"s:95:21:95:57":56,"s:96:21:96:57":57,"s:97:29:97:74":58,"s:100:23:100:62":59,"s:101:27:101:70":60,"s:102:25:102:66":61,"s:103:27:103:70":62,"s:104:25:104:66":63,"s:105:26:105:68":64,"s:106:26:106:68":65,"s:107:28:107:73":66,"b:109:4:116:Infinity:undefined:undefined:undefined:undefined":22,"s:109:4:116:Infinity":67,"b:109:8:109:18:109:22:109:32":23,"s:110:8:115:Infinity":68,"f:110:45:110:46":8,"s:111:12:111:Infinity":69,"s:112:12:112:Infinity":70,"s:113:12:113:Infinity":71,"b:114:12:114:Infinity:undefined:undefined:undefined:undefined":24,"s:114:12:114:Infinity":72,"s:114:34:114:Infinity":73,"b:117:4:127:Infinity:undefined:undefined:undefined:undefined":25,"s:117:4:127:Infinity":74,"s:118:8:127:Infinity":75,"f:118:42:118:43":9,"s:119:12:119:Infinity":76,"s:120:12:120:Infinity":77,"b:121:12:121:Infinity:undefined:undefined:undefined:undefined":26,"s:121:12:121:Infinity":78,"s:121:29:121:Infinity":79,"s:122:12:122:Infinity":80,"s:123:12:123:Infinity":81,"b:126:12:126:Infinity:undefined:undefined:undefined:undefined":27,"s:126:12:126:Infinity":82,"s:126:34:126:Infinity":83,"b:128:4:138:Infinity:undefined:undefined:undefined:undefined":28,"s:128:4:138:Infinity":84,"s:129:8:138:Infinity":85,"f:129:46:129:47":10,"s:130:12:130:Infinity":86,"s:131:12:131:Infinity":87,"b:132:12:132:Infinity:undefined:undefined:undefined:undefined":29,"s:132:12:132:Infinity":88,"s:132:25:132:Infinity":89,"s:133:12:133:Infinity":90,"s:134:12:134:Infinity":91,"b:137:12:137:Infinity:undefined:undefined:undefined:undefined":30,"s:137:12:137:Infinity":92,"s:137:34:137:Infinity":93,"b:139:4:143:Infinity:undefined:undefined:undefined:undefined":31,"s:139:4:143:Infinity":94,"s:140:8:143:Infinity":95,"f:140:45:140:46":11,"s:141:12:141:Infinity":96,"s:142:12:142:Infinity":97,"s:145:24:145:72":98,"b:146:4:151:Infinity:undefined:undefined:undefined:undefined":32,"s:146:4:151:Infinity":99,"s:147:8:150:Infinity":100,"f:147:47:147:48":12,"s:148:12:148:25":101,"s:149:12:149:Infinity":102,"b:152:4:158:Infinity:undefined:undefined:undefined:undefined":33,"s:152:4:158:Infinity":103,"s:153:8:158:Infinity":104,"f:153:43:153:44":13,"b:154:12:157:Infinity:undefined:undefined:undefined:undefined":34,"s:154:12:157:Infinity":105,"s:155:16:155:Infinity":106,"s:156:16:156:Infinity":107,"b:159:4:163:Infinity:undefined:undefined:undefined:undefined":35,"s:159:4:163:Infinity":108,"s:160:8:163:Infinity":109,"f:160:43:160:44":14,"s:161:12:161:Infinity":110,"s:162:12:162:Infinity":111,"b:165:4:180:Infinity:undefined:undefined:undefined:undefined":36,"s:165:4:180:Infinity":112,"b:165:8:165:18:165:22:165:34:165:38:165:52":37,"s:166:8:179:Infinity":113,"f:166:45:166:50":15,"s:167:28:167:53":114,"s:168:30:168:57":115,"b:169:12:169:Infinity:undefined:undefined:undefined:undefined":38,"s:169:12:169:Infinity":116,"s:169:26:169:Infinity":117,"s:170:12:178:Infinity":118,"s:171:16:171:Infinity":119,"s:172:15:172:Infinity":120,"s:173:16:173:Infinity":121,"s:174:16:174:Infinity":122,"s:175:16:175:Infinity":123,"s:177:15:177:Infinity":124,"b:177:83:177:105:177:109:177:110":39,"b:182:4:201:Infinity:undefined:undefined:undefined:undefined":40,"s:182:4:201:Infinity":125,"b:182:8:182:22:182:26:182:38:182:42:182:56":41,"s:183:8:200:Infinity":126,"f:183:49:183:54":16,"s:184:25:184:50":127,"s:185:25:185:52":128,"b:186:12:186:Infinity:undefined:undefined:undefined:undefined":42,"s:186:12:186:Infinity":129,"b:186:16:186:21:186:25:186:30":43,"s:186:32:186:Infinity":130,"b:187:12:199:Infinity:undefined:undefined:undefined:undefined":44,"s:187:12:199:Infinity":131,"s:188:16:198:Infinity":132,"s:189:20:189:Infinity":133,"s:190:19:190:Infinity":134,"s:191:20:191:Infinity":135,"s:192:20:192:Infinity":136,"s:193:20:193:Infinity":137,"s:195:19:197:Infinity":138,"b:196:85:196:107:196:111:196:112":45,"b:203:4:218:Infinity:undefined:undefined:undefined:undefined":46,"s:203:4:218:Infinity":139,"s:204:8:217:Infinity":140,"f:204:47:204:52":17,"b:205:12:205:Infinity:undefined:undefined:undefined:undefined":47,"s:205:12:205:Infinity":141,"s:205:37:205:Infinity":142,"b:206:12:216:Infinity:undefined:undefined:undefined:undefined":48,"s:206:12:216:Infinity":143,"s:207:16:215:Infinity":144,"s:208:20:208:Infinity":145,"s:209:19:209:Infinity":146,"s:210:20:210:Infinity":147,"s:212:19:214:Infinity":148,"b:213:85:213:107:213:111:213:112":49,"b:220:4:234:Infinity:undefined:undefined:undefined:undefined":50,"s:220:4:234:Infinity":149,"s:221:8:233:Infinity":150,"f:221:48:221:53":18,"b:222:12:222:Infinity:undefined:undefined:undefined:undefined":51,"s:222:12:222:Infinity":151,"s:222:37:222:Infinity":152,"s:223:12:232:Infinity":153,"s:224:29:224:83":154,"b:225:16:229:Infinity:undefined:undefined:undefined:undefined":52,"s:225:16:229:Infinity":155,"s:226:20:226:Infinity":156,"s:227:19:227:Infinity":157,"s:228:20:228:Infinity":158,"s:231:15:231:Infinity":159,"b:231:83:231:105:231:109:231:110":53,"b:236:4:249:Infinity:undefined:undefined:undefined:undefined":54,"s:236:4:249:Infinity":160,"s:237:8:248:Infinity":161,"f:237:48:237:53":19,"s:238:12:247:Infinity":162,"s:239:29:239:88":163,"b:240:16:244:Infinity:undefined:undefined:undefined:undefined":55,"s:240:16:244:Infinity":164,"s:241:39:241:85":165,"b:241:64:241:68:241:71:241:85":56,"s:242:20:242:Infinity":166,"s:243:19:243:Infinity":167,"s:246:15:246:Infinity":168,"b:246:87:246:109:246:113:246:114":57,"b:251:4:260:Infinity:undefined:undefined:undefined:undefined":58,"s:251:4:260:Infinity":169,"s:252:8:259:Infinity":170,"f:252:50:252:55":20,"s:253:12:258:Infinity":171,"s:255:16:255:Infinity":172,"s:257:15:257:Infinity":173}}}
[...]
02,"column":76}},{"start":{},"end":{}}],"line":202},"82":{"loc":{"start":{"line":203,"column":12},"end":{"line":203,"column":83}},"type":"if","locations":[{"start":{"line":203,"column":12},"end":{"line":203,"column":83}},{"start":{},"end":{}}],"line":203},"83":{"loc":{"start":{"line":204,"column":12},"end":{"line":205,"column":108}},"type":"if","locations":[{"start":{"line":204,"column":12},"end":{"line":205,"column":108}},{"start":{},"end":{}}],"line":204},"84":{"loc":{"start":{"line":205,"column":40},"end":{"line":205,"column":107}},"type":"cond-expr","locations":[{"start":{"line":205,"column":86},"end":{"line":205,"column":103}},{"start":{"line":205,"column":106},"end":{"line":205,"column":107}}],"line":205},"85":{"loc":{"start":{"line":205,"column":40},"end":{"line":205,"column":83}},"type":"binary-expr","locations":[{"start":{"line":205,"column":40},"end":{"line":205,"column":48}},{"start":{"line":205,"column":52},"end":{"line":205,"column":83}}],"line":205},"86":{"loc":{"start":{"line":207,"column":12},"end":{"line":207,"column":77}},"type":"if","locations":[{"start":{"line":207,"column":12},"end":{"line":207,"column":77}},{"start":{},"end":{}}],"line":207},"87":{"loc":{"start":{"line":208,"column":12},"end":{"line":208,"column":82}},"type":"if","locations":[{"start":{"line":208,"column":12},"end":{"line":208,"column":82}},{"start":{},"end":{}}],"line":208},"88":{"loc":{"start":{"line":209,"column":12},"end":{"line":211,"column":110}},"type":"if","locations":[{"start":{"line":209,"column":12},"end":{"line":211,"column":110}},{"start":{},"end":{}}],"line":209},"89":{"loc":{"start":{"line":211,"column":20},"end":{"line":211,"column":109}},"type":"cond-expr","locations":[{"start":{"line":211,"column":36},"end":{"line":211,"column":70}},{"start":{"line":211,"column":73},"end":{"line":211,"column":109}}],"line":211},"90":{"loc":{"start":{"line":213,"column":24},"end":{"line":213,"column":87}},"type":"cond-expr","locations":[{"start":{"line":213,"column":36},"end":{"line":213,"column":79}},{"start":{"line":213,"column":83},"end":{"line":213,"column":87}}],"line":213},"91":{"loc":{"start":{"line":213,"column":36},"end":{"line":213,"column":79}},"type":"cond-expr","locations":[{"start":{"line":213,"column":52},"end":{"line":213,"column":63}},{"start":{"line":213,"column":66},"end":{"line":213,"column":79}}],"line":213},"92":{"loc":{"start":{"line":214,"column":12},"end":{"line":214,"column":90}},"type":"if","locations":[{"start":{"line":214,"column":12},"end":{"line":214,"column":90}},{"start":{},"end":{}}],"line":214},"93":{"loc":{"start":{"line":214,"column":51},"end":{"line":214,"column":89}},"type":"cond-expr","locations":[{"start":{"line":214,"column":59},"end":{"line":214,"column":77}},{"start":{"line":214,"column":80},"end":{"line":214,"column":89}}],"line":214}},"s":{"0":1,"1":1,"2":1,"3":1,"4":1,"5":1,"6":1,"7":1,"8":1,"9":1,"10":1,"11":1,"12":1,"13":1,"14":1,"15":1,"16":1,"17":1,"18":1,"19":1,"20":1,"21":1,"22":1,"23":1,"24":1,"25":1,"26":1,"27":1,"28":1,"29":1,"30":1,"31":1,"32":1,"33":1,"34":0,"35":1,"36":1,"37":1,"38":1,"39":1,"40":1,"41":0,"42":1,"43":1,"44":1,"45":1,"46":1,"47":1,"48":1,"49":1,"50":1,"51":1,"52":1,"53":1,"54":6,"55":6,"56":90,"57":90,"58":12,"59":12,"60":12,"61":6,"62":6,"63":6,"64":6,"65":6,"66":6,"67":6,"68":6,"69":6,"70":6,"71":6,"72":6,"73":2,"74":6,"75":1,"76":6,"77":1,"78":6,"79":1,"80":6,"81":1,"82":6,"83":1,"84":6,"85":1,"86":6,"87":1,"88":6,"89":1,"90":6,"91":2,"92":6,"93":5,"94":1,"95":6,"96":1,"97":1,"98":5,"99":5,"100":6,"101":1,"102":1,"103":1,"104":1,"105":1,"106":1,"107":1,"108":1,"109":1,"110":4,"111":4,"112":4,"113":4,"114":4,"115":4,"116":4,"117":4,"118":4,"119":4,"120":4,"121":0,"122":4,"123":4,"124":4,"125":4,"126":3,"127":9,"128":3,"129":3,"130":3,"131":1,"132":4,"133":4,"134":4,"135":1,"136":0,"137":1,"138":3,"139":4,"140":1,"141":1,"142":1,"143":1,"144":1,"145":1,"146":1,"147":1,"148":1,"149":3,"150":3,"151":3,"152":3,"153":1,"154":1,"155":1,"156":1,"157":1,"158":1,"159":2,"160":2,"161":2,"162":2,"163":2,"164":2,"165":2,"166":2,"167":2},"f":{"0":0,"1":1,"2":1,"3":6,"4":4,"5":9,"6":1,"7":3},"b":{"0":[1,0],"1":[1,0],"2":[1,0],"3":[1,0],"4":[1,0],"5":[1,0],"6":[1,0],"7":[1,0],"8":[1,0],"9":[1,0],"10":[1,1],"11":[1,0],"12":[1,0],"13":[1,0],"14":[1,0],"15":[1,0],"16":[1,1],"17":[1,0],"18":[1,1],"19":[0,1],"20":[1,0],"21":[1,0],"22":[1,0],"23":[1,0],"24":[1,0],"25":[1,1],"26":[1,0],"27":[1,0],"28":[12,78],"29":[6,0],"30":[6,0],"31":[6,0],"32":[6,0],"33":[6,0],"34":[6,0],"35":[6,0],"36":[6,0],"37":[6,0],"38":[2,4],"39":[1,5],"40":[1,5],"41":[1,5],"42":[1,5],"43":[1,5],"44":[1,5],"45":[1,5],"46":[1,5],"47":[2,4],"48":[5,1],"49":[5,3],"50":[1,5],"51":[6,1],"52":[1,0],"53":[5,0],"54":[1,5],"55":[1,0],"56":[1,0],"57":[1,0],"58":[1,0],"59":[0,4],"60":[4,4],"61":[3,1],"62":[4,3],"63":[3,6],"64":[2,1],"65":[1,2],"66":[3,2],"67":[4,0],"68":[4,0],"69":[3,1],"70":[0,1],"71":[1,1],"72":[1,3],"73":[1,0],"74":[1,0],"75":[1,0],"76":[1,0],"77":[1,1],"78":[3,0],"79":[1,2],"80":[1,2],"81":[1,0],"82":[1,0],"83":[1,0],"84":[1,0],"85":[1,1],"86":[2,0],"87":[2,0],"88":[2,0],"89":[2,0],"90":[0,2],"91":[0,0],"92":[2,0],"93":[0,2]},"meta":{"lastBranch":94,"lastFunction":8,"lastStatement":168,"seen":{"s:5:19:5:82":0,"b:5:38:5:59:5:62:5:82":0,"f:5:72:5:73":0,"f:7:22:7:31":1,"s:8:20:8:55":1,"s:9:22:9:59":2,"s:10:23:10:62":3,"s:11:25:11:66":4,"s:12:21:12:57":5,"s:13:27:13:70":6,"s:14:29:14:74":7,"s:15:21:15:57":8,"s:16:23:16:61":9,"s:18:4:40:5":10,"s:19:22:19:54":11,"s:20:8:20:35":12,"s:22:23:22:46":13,"b:23:8:23:87:undefined:undefined:undefined:undefined":1,"s:23:8:23:87":14,"s:23:21:23:87":15,"b:23:55:23:68:23:71:23:85":2,"b:24:8:24:95:undefined:undefined:undefined:undefined":3,"s:24:8:24:95":16,"s:24:23:24:95":17,"b:24:59:24:74:24:77:24:93":4,"b:25:8:25:101:undefined:undefined:undefined:undefined":5,"s:25:8:25:101":18,"s:25:24:25:101":19,"b:25:61:25:78:25:81:25:99":6,"b:26:8:26:109:undefined:undefined:undefined:undefined":7,"s:26:8:26:109":20,"s:26:26:26:109":21,"b:26:65:26:84:26:87:26:107":8,"b:28:8:31:9:undefined:undefined:undefined:undefined":9,"s:28:8:31:9":22,"b:28:12:28:27:28:31:28:39":10,"s:29:12:29:45":23,"s:30:12:30:94":24,"b:32:8:32:88:undefined:undefined:undefined:undefined":11,"s:32:8:32:88":25,"s:32:28:32:88":26,"b:32:53:32:79:32:83:32:87":12,"b:33:8:33:87:undefined:undefined:undefined:undefined":13,"s:33:8:33:87":27,"s:33:30:33:87":28,"b:33:55:33:79:33:83:33:86":14,"b:34:8:34:78:undefined:undefined:undefined:undefined":15,"s:34:8:34:78":29,"s:34:22:34:78":30,"b:34:41:34:69:34:73:34:77":16,"b:35:8:35:77:undefined:undefined:undefined:undefined":17,"s:35:8:35:77":31,"s:35:24:35:77":32,"b:35:43:35:69:35:73:35:76":18,"s:37:8:37:27":33,"s:39:8:39:25":34,"f:43:22:43:31":2,"s:44:27:44:70":35,"s:45:29:45:74":36,"s:46:21:46:57":37,"s:47:23:47:61":38,"s:48:20:48:56":39,"b:50:4:50:36:undefined:undefined:undefined:undefined":19,"s:50:4:50:36":40,"s:50:29:50:36":41,"b:51:4:51:89:undefined:undefined:undefined:undefined":20,"s:51:4:51:89":42,"s:51:24:51:89":43,"b:52:4:52:108:undefined:undefined:undefined:undefined":21,"s:52:4:52:108":44,"s:52:26:52:108":45,"b:52:66:52:100:52:104:52:107":22,"b:53:4:53:79:undefined:undefined:undefined:undefined":23,"s:53:4:53:79":46,"s:53:18:53:79":47,"b:54:4:54:98:undefined:undefined:undefined:undefined":24,"s:54:4:54:98":48,"s:54:20:54:98":49,"b:54:62:54:90:54:94:54:97":25,"b:55:4:55:80:undefined:undefined:undefined:undefined":26,"s:55:4:55:80":50,"s:55:17:55:80":51,"b:55:48:55:73:55:77:55:79":27,"s:57:4:57:70":52,"s:58:4:58:36":53,"f:61:16:61:27":3,"s:62:28:78:5":54,"s:79:4:86:5":55,"s:80:25:80:52":56,"b:81:8:85:9:undefined:undefined:undefined:undefined":28,"s:81:8:85:9":57,"s:82:12:82:48":58,"s:83:12:83:38":59,"s:84:12:84:45":60,"s:88:24:88:63":61,"s:89:19:89:42":62,"s:90:28:90:67":63,"b:90:37:90:50:90:53:90:67":29,"s:91:22:91:65":64,"b:91:31:91:46:91:49:91:65":30,"s:92:26:92:73":65,"b:92:35:92:52:92:55:92:73":31,"s:93:28:93:79":66,"b:93:37:93:56:93:59:93:79":32,"s:94:25:94:76":67,"b:94:34:94:53:94:56:94:76":33,"s:95:24:95:73":68,"b:95:33:95:51:95:54:95:73":34,"s:96:24:96:79":69,"b:96:33:96:54:96:57:96:79":35,"s:97:26:97:85":70,"b:97:35:97:58:97:61:97:85":36,"s:98:23:98:68":71,"b:98:32:98:48:98:51:98:68":37,"b:100:4:100:156:undefined:undefined:undefined:undefined":38,"s:100:4:100:156":72,"s:100:25:100:156":73,"b:101:4:101:134:undefined:undefined:undefined:undefined":39,"s:101:4:101:134":74,"s:101:19:101:134":75,"b:102:4:102:146:undefined:undefined:undefined:undefined":40,"s:102:4:102:146":76,"s:102:23:102:146":77,"b:103:4:103:156:undefined:undefined:undefined:undefined":41,"s:103:4:103:156":78,"s:103:25:103:156":79,"b:104:4:105:130:undefined:undefined:undefined:undefined":42,"s:104:4:105:130":80,"s:105:8:105:130":81,"b:106:4:106:139:undefined:undefined:undefined:undefined":43,"s:106:4:106:139":82,"s:106:21:106:139":83,"b:107:4:111:10:undefined:undefined:undefined:undefined":44,"s:107:4:111:10":84,"s:108:8:111:10":85,"b:112:4:116:10:undefined:undefined:undefined:undefined":45,"s:112:4:116:10":86,"s:113:8:116:10":87,"b:117:4:121:10:undefined:undefined:undefined:undefined":46,"s:117:4:121:10":88,"s:118:8:121:10":89,"b:123:4:123:107:undefined:undefined:undefined:undefined":47,"s:123:4:123:107":90,"s:123:25:123:107":91,"b:125:4:129:5:127:11:129:5":48,"s:125:4:129:5":92,"s:126:8:126:110":93,"b:126:73:126:97:126:101:126:104":49,"s:128:8:128:77":94,"b:131:4:136:5:134:11:136:5":50,"s:131:4:136:5":95,"b:131:8:131:36:131:40:131:51":51,"s:132:22:132:55":96,"b:132:22:132:48:132:52:132:55":52,"s:133:8:133:86":97,"b:134:11:136:5:undefined:undefined:undefined:undefined":53,"s:134:11:136:5":98,"s:135:8:135:45":99,"b:138:4:148:5:undefined:undefined:undefined:undefined":54,"s:138:4:148:5":100,"s:139:8:147:9":101,"s:140:29:140:56":102,"b:141:12:146:13:undefined:undefined:undefined:undefined":55,"s:141:12:146:13":103,"b:142:16:143:114:undefined:undefined:undefined:undefined":56,"s:142:16:143:114":104,"s:143:20:143:114":105,"b:144:16:144:125:undefined:undefined:undefined:undefined":57,"s:144:16:144:125":106,"s:144:35:144:125":107,"b:145:16:145:108:undefined:undefined:undefined:undefined":58,"s:145:16:145:108":108,"s:145:53:145:108":109,"f:151:16:151:34":4,"s:152:30:152:76":110,"s:153:30:153:76":111,"s:154:28:154:71":112,"s:155:30:155:76":113,"s:156:33:156:82":114,"s:157:30:157:76":115,"s:158:33:158:82":116,"s:159:25:159:65":117,"s:160:28:160:71":118,"s:161:30:161:76":119,"b:163:4:163:57:undefined:undefined:undefined:undefined":59,"s:163:4:163:57":120,"b:163:8:163:26:163:30:163:48":60,"s:163:50:163:57":121,"s:165:23:165:61":122,"s:166:19:166:42":123,"s:168:24:168:62":124,"b:169:4:179:5:undefined:undefined:undefined:undefined":61,"s:169:4:179:5":125,"b:169:8:169:18:169:22:169:37":62,"s:170:8:178:11":126,"f:170:52:170:53":5,"b:171:12:177:13:undefined:undefined:undefined:undefined":63,"s:171:12:177:13":127,"s:172:16:172:84":128,"b:172:67:172:73:172:76:172:83":64,"s:173:16:173:60":129,"b:174:16:176:17:undefined:undefined:undefined:undefined":65,"s:174:16:176:17":130,"b:174:20:174:48:174:52:174:84":66,"s:175:20:175:49":131,"s:181:17:181:63":132,"b:181:35:181:56:181:59:181:63":67,"b:183:4:183:90:undefined:undefined:undefined:undefined":68,"s:183:4:183:90":133,"s:183:27:183:90":134,"b:183:74:183:80:183:83:183:89":69,"f:185:13:185:24":6,"b:186:8:186:53:undefined:undefined:undefined:undefined":70,"s:186:8:186:53":135,"b:186:12:186:16:186:20:186:34":71,"s:186:36:186:53":136,"s:187:8:187:78":137,"f:187:29:187:30":7,"s:187:36:187:67":138,"b:190:4:216:5:197:11:216:5":72,"s:190:4:216:5":139,"b:191:8:191:78:undefined:undefined:undefined:undefined":73,"s:191:8:191:78":140,"s:191:34:191:78":141,"b:192:8:192:73:undefined:undefined:undefined:undefined":74,"s:192:8:192:73":142,"s:192:31:192:73":143,"b:193:8:193:78:undefined:undefined:undefined:undefined":75,"s:193:8:193:78":144,"s:193:34:193:78":145,"s:195:22:195:48":146,"b:196:8:196:75:undefined:undefined:undefined:undefined":76,"s:196:8:196:75":147,"b:196:12:196:17:196:21:196:33":77,"s:196:35:196:75":148,"b:198:8:198:79:undefined:undefined:undefined:undefined":78,"s:198:8:198:79":149,"s:198:34:198:79":150,"s:199:25:199:117":151,"b:199:65:199:110:199:113:199:117":79,"b:201:8:215:9:206:15:215:9":80,"s:201:8:215:9":152,"b:202:12:202:76:undefined:undefined:undefined:undefined":81,"s:202:12:202:76":153,"s:202:35:202:76":154,"b:203:12:203:83:undefined:undefined:undefined:undefined":82,"s:203:12:203:83":155,"s:203:38:203:83":156,"b:204:12:205:108:undefined:undefined:undefined:undefined":83,"s:204:12:205:108":157,"s:205:16:205:108":158,"b:205:86:205:103:205:106:205:107":84,"b:205:40:205:48:205:52:205:83":85,"b:207:12:207:77:undefined:undefined:undefined:undefined":86,"s:207:12:207:77":159,"s:207:35:207:77":160,"b:208:12:208:82:undefined:undefined:undefined:undefined":87,"s:208:12:208:82":161,"s:208:38:208:82":162,"b:209:12:211:110:undefined:undefined:undefined:undefined":88,"s:209:12:211:110":163,"s:210:16:211:110":164,"b:211:36:211:70:211:73:211:109":89,"s:213:24:213:87":165,"b:213:36:213:79:213:83:213:87":90,"b:213:52:213:63:213:66:213:79":91,"b:214:12:214:90:undefined:undefined:undefined:undefined":92,"s:214:12:214:90":166,"s:214:30:214:90":167,"b:214:59:214:77:214:80:214:89":93}}}
,"X:\\D\\MCTEST\\mc_translator_rs\\frontend\\modules\\utils.js": {"path":"X:\\D\\MCTEST\\mc_translator_rs\\frontend\\modules\\utils.js","statementMap":{"0":{"start":{"line":5,"column":16},"end":{"line":5,"column":20}},"1":{"start":{"line":6,"column":4},"end":{"line":9,"column":null}},"2":{"start":{"line":7,"column":8},"end":{"line":7,"column":null}},"3":{"start":{"line":7,"column":19},"end":{"line":7,"column":null}},"4":{"start":{"line":8,"column":8},"end":{"line":8,"column":null}},"5":{"start":{"line":8,"column":33},"end":{"line":8,"column":53}},"6":{"start":{"line":13,"column":4},"end":{"line":13,"column":null}},"7":{"start":{"line":13,"column":32},"end":{"line":13,"column":null}},"8":{"start":{"line":14,"column":4},"end":{"line":14,"column":null}},"9":{"start":{"line":14,"column":32},"end":{"line":14,"column":63}},"10":{"start":{"line":18,"column":19},"end":{"line":18,"column":45}},"11":{"start":{"line":19,"column":4},"end":{"line":19,"column":null}},"12":{"start":{"line":23,"column":22},"end":{"line":23,"column":59}},"13":{"start":{"line":24,"column":4},"end":{"line":24,"column":null}},"14":{"start":{"line":24,"column":20},"end":{"line":24,"column":null}},"15":{"start":{"line":26,"column":20},"end":{"line":26,"column":47}},"16":{"start":{"line":27,"column":4},"end":{"line":27,"column":null}},"17":{"start":{"line":28,"column":4},"end":{"line":35,"column":null}},"18":{"start":{"line":34,"column":8},"end":{"line":34,"column":null}},"19":{"start":{"line":36,"column":4},"end":{"line":36,"column":null}},"20":{"start":{"line":37,"column":4},"end":{"line":37,"column":null}},"21":{"start":{"line":38,"column":4},"end":{"line":40,"column":null}},"22":{"start":{"line":39,"column":8},"end":{"line":39,"column":null}},"23":{"start":{"line":44,"column":4},"end":{"line":44,"column":null}},"24":{"start":{"line":44,"column":14},"end":{"line":44,"column":null}},"25":{"start":{"line":45,"column":4},"end":{"line":50,"column":null}}},"fnMap":{"0":{"name":"debounce","decl":{"start":{"line":4,"column":16},"end":{"line":4,"column":24}},"loc":{"start":{"line":4,"column":36},"end":{"line":10,"column":null}},"line":4},"1":{"name":"(anonymous_1)","decl":{"start":{"line":6,"column":11},"end":{"line":6,"column":19}},"loc":{"start":{"line":6,"column":30},"end":{"line":9,"column":5}},"line":6},"2":{"name":"(anonymous_2)","decl":{"start":{"line":8,"column":27},"end":{"line":8,"column":28}},"loc":{"start":{"line":8,"column":33},"end":{"line":8,"column":53}},"line":8},"3":{"name":"rgbToHex","decl":{"start":{"line":12,"column":16},"end":{"line":12,"column":24}},"loc":{"start":{"line":12,"column":30},"end":{"line":15,"column":null}},"line":12},"4":{"name":"(anonymous_4)","decl":{"start":{"line":14,"column":25},"end":{"line":14,"column":26}},"loc":{"start":{"line":14,"column":32},"end":{"line":14,"column":63}},"line":14},"5":{"name":"hexToRgb","decl":{"start":{"line":17,"column":16},"end":{"line":17,"column":24}},"loc":{"start":{"line":17,"column":30},"end":{"line":20,"column":null}},"line":17},"6":{"name":"appendLog","decl":{"start":{"line":22,"column":16},"end":{"line":22,"column":25}},"loc":{"start":{"line":22,"column":32},"end":{"line":41,"column":null}},"line":22},"7":{"name":"escapeHtml","decl":{"start":{"line":43,"column":16},"end":{"line":43,"column":26}},"loc":{"start":{"line":43,"column":32},"end":{"line":51,"column":null}},"line":43}},"branchMap":{"0":{"loc":{"start":{"line":7,"column":8},"end":{"line":7,"column":null}},"type":"if","locations":[{"start":{"line":7,"column":8},"end":{"line":7,"column":null}},{"start":{},"end":{}}],"line":7},"1":{"loc":{"start":{"line":13,"column":4},"end":{"line":13,"column":null}},"type":"if","locations":[{"start":{"line":13,"column":4},"end":{"line":13,"column":null}},{"start":{},"end":{}}],"line":13},"2":{"loc":{"start":{"line":13,"column":8},"end":{"line":13,"column":30}},"type":"binary-expr","locations":[{"start":{"line":13,"column":8},"end":{"line":13,"column":12}},{"start":{"line":13,"column":16},"end":{"line":13,"column":30}}],"line":13},"3":{"loc":{"start":{"line":24,"column":4},"end":{"line":24,"column":null}},"type":"if","locations":[{"start":{"line":24,"column":4},"end":{"line":24,"column":null}},{"start":{},"end":{}}],"line":24},"4":{"loc":{"start":{"line":28,"column":4},"end":{"line":35,"column":null}},"type":"if","locations":[{"start":{"line":28,"column":4},"end":{"line":35,"column":null}},{"start":{},"end":{}}],"line":28},"5":{"loc":{"start":{"line":29,"column":8},"end":{"line":32,"column":null}},"type":"binary-expr","locations":[{"start":{"line":29,"column":8},"end":{"line":29,"column":34}},{"start":{"line":30,"column":8},"end":{"line":30,"column":35}},{"start":{"line":31,"column":8},"end":{"line":31,"column":38}},{"start":{"line":32,"column":8},"end":{"line":32,"column":null}}],"line":29},"6":{"loc":{"start":{"line":38,"column":4},"end":{"line":40,"column":null}},"type":"if","locations":[{"start":{"line":38,"column":4},"end":{"line":40,"column":null}},{"start":{},"end":{}}],"line":38},"7":{"loc":{"start":{"line":44,"column":4},"end":{"line":44,"column":null}},"type":"if","locations":[{"start":{"line":44,"column":4},"end":{"line":44,"column":null}},{"start":{},"end":{}}],"line":44}},"s":{"0":1,"1":1,"2":3,"3":2,"4":3,"5":1,"6":8,"7":5,"8":3,"9":9,"10":2,"11":2,"12":507,"13":507,"14":0,"15":507,"16":507,"17":507,"18":1,"19":507,"20":507,"21":507,"22":5,"23":4,"24":3,"25":1},"f":{"0":1,"1":3,"2":1,"3":8,"4":9,"5":2,"6":507,"7":4},"b":{"0":[2,1],"1":[5,3],"2":[8,4],"3":[0,507],"4":[1,506],"5":[507,506,506,506],"6":[5,502],"7":[3,1]},"meta":{"lastBranch":8,"lastFunction":8,"lastStatement":26,"seen":{"f:4:16:4:24":0,"s:5:16:5:20":0,"s:6:4:9:Infinity":1,"f:6:11:6:19":1,"b:7:8:7:Infinity:undefined:undefined:undefined:undefined":0,"s:7:8:7:Infinity":2,"s:7:19:7:Infinity":3,"s:8:8:8:Infinity":4,"f:8:27:8:28":2,"s:8:33:8:53":5,"f:12:16:12:24":3,"b:13:4:13:Infinity:undefined:undefined:undefined:undefined":1,"s:13:4:13:Infinity":6,"b:13:8:13:12:13:16:13:30":2,"s:13:32:13:Infinity":7,"s:14:4:14:Infinity":8,"f:14:25:14:26":4,"s:14:32:14:63":9,"f:17:16:17:24":5,"s:18:19:18:45":10,"s:19:4:19:Infinity":11,"f:22:16:22:25":6,"s:23:22:23:59":12,"b:24:4:24:Infinity:undefined:undefined:undefined:undefined":3,"s:24:4:24:Infinity":13,"s:24:20:24:Infinity":14,"s:26:20:26:47":15,"s:27:4:27:Infinity":16,"b:28:4:35:Infinity:undefined:undefined:undefined:undefined":4,"s:28:4:35:Infinity":17,"b:29:8:29:34:30:8:30:35:31:8:31:38:32:8:32:Infinity":5,"s:34:8:34:Infinity":18,"s:36:4:36:Infinity":19,"s:37:4:37:Infinity":20,"b:38:4:40:Infinity:undefined:undefined:undefined:undefined":6,"s:38:4:40:Infinity":21,"s:39:8:39:Infinity":22,"f:43:16:43:26":7,"b:44:4:44:Infinity:undefined:undefined:undefined:undefined":7,"s:44:4:44:Infinity":23,"s:44:14:44:Infinity":24,"s:45:4:50:Infinity":25}}}
}
