TN:
SF:frontend\modules\config.js
FN:6,(anonymous_0)
FN:8,loadConfig
FN:76,saveConfig
FN:133,loadModels
FN:142,(anonymous_4)
FN:154,toggleOllamaGroup
FN:162,toggleApiKeyVisibility
FN:171,validateCanTranslate
FNF:8
FNH:7
FNDA:0,(anonymous_0)
FNDA:2,loadConfig
FNDA:2,saveConfig
FNDA:3,loadModels
FNDA:4,(anonymous_4)
FNDA:1,toggleOllamaGroup
FNDA:1,toggleApiKeyVisibility
FNDA:1,validateCanTranslate
DA:6,1
DA:9,2
DA:10,2
DA:11,2
DA:12,2
DA:13,2
DA:14,2
DA:15,2
DA:16,2
DA:17,2
DA:18,2
DA:19,2
DA:20,2
DA:21,2
DA:22,2
DA:23,2
DA:24,2
DA:25,2
DA:26,2
DA:27,2
DA:28,2
DA:29,2
DA:31,2
DA:32,2
DA:33,1
DA:35,1
DA:37,1
DA:38,1
DA:40,1
DA:42,1
DA:43,1
DA:44,1
DA:45,1
DA:46,1
DA:47,1
DA:48,1
DA:49,1
DA:50,1
DA:51,1
DA:53,1
DA:54,1
DA:56,1
DA:57,1
DA:58,1
DA:59,1
DA:60,1
DA:62,1
DA:63,1
DA:64,1
DA:65,1
DA:66,1
DA:68,1
DA:69,1
DA:71,1
DA:72,1
DA:77,2
DA:78,2
DA:79,2
DA:80,2
DA:81,2
DA:82,2
DA:83,2
DA:84,2
DA:85,2
DA:86,2
DA:87,2
DA:88,2
DA:89,2
DA:90,2
DA:91,2
DA:92,2
DA:93,2
DA:94,2
DA:95,2
DA:96,2
DA:97,2
DA:99,2
DA:100,2
DA:101,2
DA:102,1
DA:103,2
DA:104,2
DA:105,2
DA:106,2
DA:107,2
DA:108,1
DA:109,1
DA:110,1
DA:111,2
DA:112,2
DA:113,2
DA:114,2
DA:116,2
DA:117,2
DA:119,2
DA:120,2
DA:121,2
DA:122,2
DA:123,2
DA:125,2
DA:126,1
DA:128,1
DA:129,1
DA:134,3
DA:135,3
DA:136,3
DA:137,3
DA:138,3
DA:139,3
DA:140,3
DA:141,2
DA:142,2
DA:143,4
DA:144,4
DA:145,4
DA:146,4
DA:149,1
DA:150,1
DA:155,1
DA:156,1
DA:157,1
DA:158,1
DA:163,1
DA:164,1
DA:165,1
DA:166,1
DA:167,1
DA:172,1
DA:173,1
DA:174,1
DA:175,1
DA:176,1
LF:132
LH:132
BRDA:6,0,0,1
BRDA:6,0,1,0
BRDA:35,1,0,1
BRDA:35,1,1,0
BRDA:38,2,0,1
BRDA:38,2,1,0
BRDA:38,3,0,1
BRDA:38,3,1,0
BRDA:40,4,0,1
BRDA:40,4,1,0
BRDA:40,5,0,1
BRDA:40,5,1,0
BRDA:42,6,0,1
BRDA:42,6,1,0
BRDA:43,7,0,1
BRDA:43,7,1,0
BRDA:43,8,0,1
BRDA:43,8,1,0
BRDA:44,9,0,1
BRDA:44,9,1,0
BRDA:44,10,0,1
BRDA:44,10,1,0
BRDA:45,11,0,1
BRDA:45,11,1,0
BRDA:45,12,0,1
BRDA:45,12,1,0
BRDA:46,13,0,1
BRDA:46,13,1,0
BRDA:46,14,0,1
BRDA:46,14,1,0
BRDA:47,15,0,1
BRDA:47,15,1,0
BRDA:48,16,0,1
BRDA:48,16,1,0
BRDA:49,17,0,0
BRDA:49,17,1,1
BRDA:49,18,0,0
BRDA:49,18,1,0
BRDA:50,19,0,0
BRDA:50,19,1,1
BRDA:50,20,0,0
BRDA:50,20,1,0
BRDA:51,21,0,1
BRDA:51,21,1,0
BRDA:51,22,0,1
BRDA:51,22,1,0
BRDA:53,23,0,1
BRDA:53,23,1,0
BRDA:53,24,0,1
BRDA:53,24,1,0
BRDA:54,25,0,1
BRDA:54,25,1,0
BRDA:54,26,0,1
BRDA:54,26,1,0
BRDA:56,27,0,1
BRDA:56,27,1,0
BRDA:56,28,0,1
BRDA:56,28,1,0
BRDA:57,29,0,1
BRDA:57,29,1,0
BRDA:57,30,0,1
BRDA:57,30,1,0
BRDA:58,31,0,1
BRDA:58,31,1,0
BRDA:58,32,0,1
BRDA:58,32,1,1
BRDA:59,33,0,1
BRDA:59,33,1,0
BRDA:59,34,0,1
BRDA:59,34,1,1
BRDA:60,35,0,1
BRDA:60,35,1,0
BRDA:60,36,0,1
BRDA:60,36,1,0
BRDA:65,37,0,1
BRDA:65,37,1,0
BRDA:65,38,0,1
BRDA:65,38,1,1
BRDA:72,39,0,1
BRDA:72,39,1,1
BRDA:100,40,0,2
BRDA:100,40,1,0
BRDA:101,41,0,2
BRDA:101,41,1,0
BRDA:102,42,0,1
BRDA:102,42,1,0
BRDA:103,43,0,1
BRDA:103,43,1,0
BRDA:104,44,0,1
BRDA:104,44,1,0
BRDA:105,45,0,1
BRDA:105,45,1,0
BRDA:106,46,0,1
BRDA:106,46,1,0
BRDA:107,47,0,1
BRDA:107,47,1,1
BRDA:108,48,0,0
BRDA:108,48,1,1
BRDA:109,49,0,0
BRDA:109,49,1,1
BRDA:110,50,0,1
BRDA:110,50,1,0
BRDA:111,51,0,0
BRDA:111,51,1,1
BRDA:111,52,0,2
BRDA:111,52,1,1
BRDA:112,53,0,1
BRDA:112,53,1,0
BRDA:113,54,0,1
BRDA:113,54,1,0
BRDA:114,55,0,1
BRDA:114,55,1,0
BRDA:116,56,0,1
BRDA:116,56,1,0
BRDA:117,57,0,1
BRDA:117,57,1,0
BRDA:119,58,0,1
BRDA:119,58,1,0
BRDA:120,59,0,1
BRDA:120,59,1,0
BRDA:121,60,0,1
BRDA:121,60,1,0
BRDA:122,61,0,1
BRDA:122,61,1,0
BRDA:123,62,0,1
BRDA:123,62,1,0
BRDA:129,63,0,1
BRDA:129,63,1,1
BRDA:136,64,0,0
BRDA:136,64,1,3
BRDA:136,65,0,3
BRDA:136,65,1,3
BRDA:157,66,0,1
BRDA:157,66,1,0
BRDA:157,67,0,1
BRDA:157,67,1,1
BRDA:158,68,0,1
BRDA:158,68,1,0
BRDA:165,69,0,1
BRDA:165,69,1,0
BRDA:165,70,0,1
BRDA:165,70,1,1
BRDA:167,71,0,1
BRDA:167,71,1,0
BRDA:175,72,0,1
BRDA:175,72,1,0
BRDA:175,73,0,1
BRDA:175,73,1,1
BRDA:175,73,2,1
BRDA:177,74,0,1
BRDA:177,74,1,0
BRDA:177,74,2,0
BRF:152
BRH:85
end_of_record
TN:
SF:frontend\modules\dictionary.js
FN:5,(anonymous_0)
FN:11,loadDictionary
FN:48,(anonymous_2)
FN:62,(anonymous_3)
FN:63,(anonymous_4)
FN:73,(anonymous_5)
FN:74,(anonymous_6)
FN:89,initDictionary
FN:110,(anonymous_8)
FN:118,(anonymous_9)
FN:129,(anonymous_10)
FN:140,(anonymous_11)
FN:147,(anonymous_12)
FN:153,(anonymous_13)
FN:160,(anonymous_14)
FN:166,(anonymous_15)
FN:183,(anonymous_16)
FN:204,(anonymous_17)
FN:221,(anonymous_18)
FN:237,(anonymous_19)
FN:252,(anonymous_20)
FNF:21
FNH:20
FNDA:0,(anonymous_0)
FNDA:18,loadDictionary
FNDA:10,(anonymous_2)
FNDA:10,(anonymous_3)
FNDA:1,(anonymous_4)
FNDA:10,(anonymous_5)
FNDA:1,(anonymous_6)
FNDA:17,initDictionary
FNDA:1,(anonymous_8)
FNDA:2,(anonymous_9)
FNDA:1,(anonymous_10)
FNDA:1,(anonymous_11)
FNDA:1,(anonymous_12)
FNDA:1,(anonymous_13)
FNDA:1,(anonymous_14)
FNDA:3,(anonymous_15)
FNDA:1,(anonymous_16)
FNDA:2,(anonymous_17)
FNDA:2,(anonymous_18)
FNDA:2,(anonymous_19)
FNDA:2,(anonymous_20)
DA:5,1
DA:7,1
DA:8,1
DA:9,1
DA:12,18
DA:13,18
DA:14,18
DA:15,18
DA:16,18
DA:18,18
DA:19,18
DA:26,18
DA:27,16
DA:28,16
DA:29,16
DA:30,15
DA:33,1
DA:36,16
DA:37,16
DA:39,16
DA:40,18
DA:41,18
DA:42,18
DA:44,18
DA:45,18
DA:46,6
DA:48,10
DA:49,10
DA:50,10
DA:59,15
DA:60,15
DA:62,15
DA:63,10
DA:64,1
DA:65,1
DA:66,1
DA:67,1
DA:68,1
DA:69,1
DA:73,15
DA:74,10
DA:75,1
DA:76,1
DA:77,1
DA:78,1
DA:79,1
DA:84,3
DA:85,3
DA:90,17
DA:91,17
DA:92,17
DA:93,17
DA:94,17
DA:95,17
DA:96,17
DA:97,17
DA:100,17
DA:101,17
DA:102,17
DA:103,17
DA:104,17
DA:105,17
DA:106,17
DA:107,17
DA:109,17
DA:110,17
DA:111,1
DA:112,1
DA:113,1
DA:114,1
DA:117,17
DA:118,17
DA:119,2
DA:120,2
DA:121,2
DA:122,2
DA:123,2
DA:126,2
DA:128,17
DA:129,17
DA:130,1
DA:131,1
DA:132,1
DA:133,1
DA:134,1
DA:137,1
DA:139,17
DA:140,17
DA:141,1
DA:142,1
DA:145,17
DA:146,17
DA:147,1
DA:148,1
DA:149,1
DA:152,17
DA:153,17
DA:154,1
DA:155,1
DA:156,1
DA:159,17
DA:160,17
DA:161,1
DA:162,1
DA:165,17
DA:166,17
DA:167,3
DA:168,3
DA:169,3
DA:170,2
DA:171,2
DA:172,1
DA:173,1
DA:174,1
DA:175,1
DA:177,1
DA:182,17
DA:183,17
DA:184,1
DA:185,1
DA:186,1
DA:187,1
DA:188,1
DA:189,1
DA:190,1
DA:191,1
DA:192,1
DA:193,1
DA:195,1
DA:203,17
DA:204,17
DA:205,2
DA:206,2
DA:207,2
DA:208,2
DA:209,1
DA:210,1
DA:212,1
DA:220,17
DA:221,17
DA:222,2
DA:223,2
DA:224,2
DA:225,2
DA:226,2
DA:227,1
DA:228,1
DA:231,1
DA:236,17
DA:237,17
DA:238,2
DA:239,2
DA:240,2
DA:241,2
DA:242,2
DA:243,1
DA:246,1
DA:251,17
DA:252,2
DA:253,2
DA:255,2
DA:257,1
LF:162
LH:162
BRDA:5,0,0,1
BRDA:5,0,1,0
BRDA:23,1,0,18
BRDA:23,1,1,0
BRDA:26,2,0,16
BRDA:26,2,1,2
BRDA:27,3,0,16
BRDA:27,3,1,0
BRDA:29,4,0,15
BRDA:29,4,1,1
BRDA:30,5,0,15
BRDA:30,5,1,0
BRDA:33,6,0,1
BRDA:33,6,1,0
BRDA:36,7,0,16
BRDA:36,7,1,0
BRDA:37,8,0,16
BRDA:37,8,1,0
BRDA:37,9,0,16
BRDA:37,9,1,16
BRDA:39,10,0,16
BRDA:39,10,1,0
BRDA:40,11,0,18
BRDA:40,11,1,0
BRDA:41,12,0,18
BRDA:41,12,1,16
BRDA:42,13,0,18
BRDA:42,13,1,16
BRDA:45,14,0,6
BRDA:45,14,1,10
BRDA:45,15,0,18
BRDA:45,15,1,16
BRDA:54,16,0,10
BRDA:54,16,1,0
BRDA:60,17,0,15
BRDA:60,17,1,0
BRDA:67,18,0,1
BRDA:67,18,1,0
BRDA:77,19,0,1
BRDA:77,19,1,0
BRDA:84,20,0,3
BRDA:84,20,1,0
BRDA:85,21,0,3
BRDA:85,21,1,3
BRDA:109,22,0,17
BRDA:109,22,1,0
BRDA:109,23,0,17
BRDA:109,23,1,17
BRDA:114,24,0,1
BRDA:114,24,1,0
BRDA:117,25,0,17
BRDA:117,25,1,0
BRDA:121,26,0,2
BRDA:121,26,1,0
BRDA:126,27,0,2
BRDA:126,27,1,0
BRDA:128,28,0,17
BRDA:128,28,1,0
BRDA:132,29,0,1
BRDA:132,29,1,0
BRDA:137,30,0,1
BRDA:137,30,1,0
BRDA:139,31,0,17
BRDA:139,31,1,0
BRDA:146,32,0,1
BRDA:146,32,1,16
BRDA:152,33,0,17
BRDA:152,33,1,0
BRDA:154,34,0,1
BRDA:154,34,1,0
BRDA:159,35,0,17
BRDA:159,35,1,0
BRDA:165,36,0,17
BRDA:165,36,1,0
BRDA:165,37,0,17
BRDA:165,37,1,17
BRDA:165,37,2,17
BRDA:169,38,0,1
BRDA:169,38,1,2
BRDA:177,39,0,1
BRDA:177,39,1,1
BRDA:182,40,0,17
BRDA:182,40,1,0
BRDA:182,41,0,17
BRDA:182,41,1,17
BRDA:182,41,2,17
BRDA:186,42,0,0
BRDA:186,42,1,1
BRDA:186,43,0,1
BRDA:186,43,1,1
BRDA:187,44,0,1
BRDA:187,44,1,0
BRDA:196,45,0,1
BRDA:196,45,1,1
BRDA:203,46,0,17
BRDA:203,46,1,0
BRDA:205,47,0,0
BRDA:205,47,1,2
BRDA:206,48,0,2
BRDA:206,48,1,0
BRDA:213,49,0,1
BRDA:213,49,1,1
BRDA:220,50,0,17
BRDA:220,50,1,0
BRDA:222,51,0,0
BRDA:222,51,1,2
BRDA:225,52,0,2
BRDA:225,52,1,0
BRDA:231,53,0,1
BRDA:231,53,1,1
BRDA:236,54,0,17
BRDA:236,54,1,0
BRDA:240,55,0,2
BRDA:240,55,1,0
BRDA:241,56,0,2
BRDA:241,56,1,0
BRDA:246,57,0,1
BRDA:246,57,1,1
BRDA:251,58,0,2
BRDA:251,58,1,15
BRF:120
BRH:81
end_of_record
TN:
SF:frontend\modules\i18n.js
FN:3,(anonymous_0)
FN:5,loadUiLangs
FN:12,(anonymous_2)
FN:36,updateUiLanguage
FN:62,(anonymous_4)
FN:68,(anonymous_5)
FN:74,(anonymous_6)
FN:149,(anonymous_7)
FN:165,(anonymous_8)
FN:182,(anonymous_9)
FN:188,(anonymous_10)
FN:208,(anonymous_11)
FN:219,updateToggleStateLabel
FNF:13
FNH:12
FNDA:0,(anonymous_0)
FNDA:2,loadUiLangs
FNDA:4,(anonymous_2)
FNDA:7,updateUiLanguage
FNDA:22,(anonymous_4)
FNDA:4,(anonymous_5)
FNDA:1,(anonymous_6)
FNDA:5,(anonymous_7)
FNDA:6,(anonymous_8)
FNDA:3,(anonymous_9)
FNDA:1,(anonymous_10)
FNDA:36,(anonymous_11)
FNDA:9,updateToggleStateLabel
DA:3,1
DA:6,2
DA:7,2
DA:8,2
DA:9,2
DA:10,1
DA:11,1
DA:12,1
DA:13,4
DA:14,4
DA:15,4
DA:25,4
DA:28,1
DA:29,0
DA:32,1
DA:37,7
DA:38,7
DA:39,7
DA:40,7
DA:41,7
DA:42,7
DA:43,7
DA:44,7
DA:46,7
DA:47,7
DA:48,6
DA:49,6
DA:50,6
DA:52,6
DA:53,0
DA:56,6
DA:57,7
DA:62,6
DA:63,22
DA:64,22
DA:68,6
DA:69,4
DA:70,4
DA:74,6
DA:75,1
DA:76,1
DA:80,6
DA:116,7
DA:117,24
DA:118,24
DA:119,4
DA:120,31
DA:121,4
DA:122,4
DA:128,6
DA:129,6
DA:130,6
DA:131,6
DA:132,6
DA:135,6
DA:136,6
DA:137,1
DA:141,6
DA:142,6
DA:144,6
DA:145,6
DA:146,1
DA:149,6
DA:150,5
DA:151,5
DA:152,5
DA:153,5
DA:154,5
DA:155,2
DA:156,3
DA:157,1
DA:158,2
DA:159,1
DA:160,1
DA:161,1
DA:162,0
DA:165,6
DA:167,6
DA:173,6
DA:180,6
DA:181,1
DA:182,3
DA:183,1
DA:186,6
DA:187,1
DA:188,1
DA:189,1
DA:193,6
DA:194,6
DA:195,6
DA:196,6
DA:197,6
DA:198,6
DA:199,6
DA:200,6
DA:201,1
DA:207,6
DA:208,6
DA:209,36
DA:210,36
DA:214,1
DA:220,9
DA:221,9
DA:222,9
DA:224,8
DA:225,2
DA:228,6
DA:229,1
DA:232,5
DA:233,2
DA:234,3
DA:235,1
DA:236,2
DA:237,1
DA:238,1
DA:239,1
LF:116
LH:113
BRDA:3,0,0,1
BRDA:3,0,1,0
BRDA:7,1,0,0
BRDA:7,1,1,2
BRDA:16,2,0,1
BRDA:16,2,1,3
BRDA:18,3,0,1
BRDA:18,3,1,2
BRDA:20,4,0,1
BRDA:20,4,1,1
BRDA:22,5,0,1
BRDA:22,5,1,0
BRDA:28,6,0,0
BRDA:28,6,1,1
BRDA:28,7,0,1
BRDA:28,7,1,1
BRDA:28,7,2,1
BRDA:47,8,0,7
BRDA:47,8,1,0
BRDA:48,9,0,0
BRDA:48,9,1,6
BRDA:52,10,0,0
BRDA:52,10,1,6
BRDA:52,11,0,6
BRDA:52,11,1,6
BRDA:56,12,0,6
BRDA:56,12,1,6
BRDA:57,13,0,0
BRDA:57,13,1,7
BRDA:57,14,0,7
BRDA:57,14,1,0
BRDA:64,15,0,22
BRDA:64,15,1,0
BRDA:70,16,0,4
BRDA:70,16,1,0
BRDA:76,17,0,1
BRDA:76,17,1,0
BRDA:86,18,0,6
BRDA:86,18,1,6
BRDA:118,19,0,20
BRDA:118,19,1,4
BRDA:120,20,0,27
BRDA:120,20,1,4
BRDA:122,21,0,1
BRDA:122,21,1,3
BRDA:128,22,0,0
BRDA:128,22,1,6
BRDA:128,23,0,6
BRDA:128,23,1,0
BRDA:129,24,0,0
BRDA:129,24,1,6
BRDA:129,25,0,6
BRDA:129,25,1,0
BRDA:130,26,0,0
BRDA:130,26,1,6
BRDA:130,27,0,6
BRDA:130,27,1,0
BRDA:131,28,0,0
BRDA:131,28,1,6
BRDA:131,29,0,6
BRDA:131,29,1,0
BRDA:132,30,0,0
BRDA:132,30,1,6
BRDA:132,31,0,6
BRDA:132,31,1,0
BRDA:136,32,0,1
BRDA:136,32,1,5
BRDA:136,33,0,6
BRDA:136,33,1,1
BRDA:142,34,0,0
BRDA:142,34,1,6
BRDA:142,35,0,6
BRDA:142,35,1,0
BRDA:145,36,0,1
BRDA:145,36,1,5
BRDA:145,37,0,6
BRDA:145,37,1,1
BRDA:145,37,2,1
BRDA:151,38,0,0
BRDA:151,38,1,5
BRDA:154,39,0,2
BRDA:154,39,1,3
BRDA:154,40,0,5
BRDA:154,40,1,2
BRDA:156,41,0,1
BRDA:156,41,1,2
BRDA:156,42,0,3
BRDA:156,42,1,1
BRDA:158,43,0,1
BRDA:158,43,1,1
BRDA:158,44,0,2
BRDA:158,44,1,1
BRDA:160,45,0,1
BRDA:160,45,1,0
BRDA:160,46,0,1
BRDA:160,46,1,1
BRDA:162,47,0,0
BRDA:162,47,1,0
BRDA:165,48,0,6
BRDA:165,48,1,0
BRDA:180,49,0,1
BRDA:180,49,1,5
BRDA:180,50,0,6
BRDA:180,50,1,6
BRDA:182,51,0,1
BRDA:182,51,1,0
BRDA:186,52,0,1
BRDA:186,52,1,5
BRDA:186,53,0,6
BRDA:186,53,1,1
BRDA:188,54,0,1
BRDA:188,54,1,0
BRDA:194,55,0,6
BRDA:194,55,1,0
BRDA:194,56,0,6
BRDA:194,56,1,6
BRDA:196,57,0,6
BRDA:196,57,1,0
BRDA:200,58,0,1
BRDA:200,58,1,5
BRDA:200,59,0,6
BRDA:200,59,1,5
BRDA:200,59,2,5
BRDA:210,60,0,1
BRDA:210,60,1,35
BRDA:220,61,0,9
BRDA:220,61,1,9
BRDA:220,61,2,0
BRDA:222,62,0,1
BRDA:222,62,1,8
BRDA:224,63,0,2
BRDA:224,63,1,6
BRDA:225,64,0,1
BRDA:225,64,1,1
BRDA:228,65,0,1
BRDA:228,65,1,5
BRDA:229,66,0,1
BRDA:229,66,1,0
BRDA:232,67,0,2
BRDA:232,67,1,3
BRDA:233,68,0,1
BRDA:233,68,1,1
BRDA:234,69,0,1
BRDA:234,69,1,2
BRDA:235,70,0,1
BRDA:235,70,1,0
BRDA:236,71,0,1
BRDA:236,71,1,1
BRDA:237,72,0,1
BRDA:237,72,1,0
BRDA:238,73,0,1
BRDA:238,73,1,0
BRDA:239,74,0,1
BRDA:239,74,1,0
BRF:154
BRH:115
end_of_record
TN:
SF:frontend\modules\state.js
FNF:0
FNH:0
DA:2,4
LF:1
LH:1
BRF:0
BRH:0
end_of_record
TN:
SF:frontend\modules\style.js
FN:5,(anonymous_0)
FN:7,loadStyle
FN:43,saveStyle
FN:61,applyColors
FN:151,updatePaletteValue
FN:170,(anonymous_5)
FN:185,rgbToHexStr
FN:187,(anonymous_7)
FNF:8
FNH:7
FNDA:0,(anonymous_0)
FNDA:1,loadStyle
FNDA:1,saveStyle
FNDA:6,applyColors
FNDA:4,updatePaletteValue
FNDA:9,(anonymous_5)
FNDA:1,rgbToHexStr
FNDA:3,(anonymous_7)
DA:5,1
DA:8,1
DA:9,1
DA:10,1
DA:11,1
DA:12,1
DA:13,1
DA:14,1
DA:15,1
DA:16,1
DA:18,1
DA:19,1
DA:20,1
DA:22,1
DA:23,1
DA:24,1
DA:25,1
DA:26,1
DA:28,1
DA:29,1
DA:30,1
DA:32,1
DA:33,1
DA:34,1
DA:35,1
DA:37,1
DA:39,0
DA:44,1
DA:45,1
DA:46,1
DA:47,1
DA:48,1
DA:50,1
DA:51,1
DA:52,1
DA:53,1
DA:54,1
DA:55,1
DA:57,1
DA:58,1
DA:62,6
DA:79,6
DA:80,90
DA:81,90
DA:82,12
DA:83,12
DA:84,12
DA:88,6
DA:89,6
DA:90,6
DA:91,6
DA:92,6
DA:93,6
DA:94,6
DA:95,6
DA:96,6
DA:97,6
DA:98,6
DA:100,6
DA:101,6
DA:102,6
DA:103,6
DA:104,6
DA:105,1
DA:106,6
DA:107,6
DA:108,1
DA:112,6
DA:113,1
DA:117,6
DA:118,1
DA:123,6
DA:125,6
DA:126,5
DA:128,1
DA:131,6
DA:132,1
DA:133,1
DA:134,5
DA:135,5
DA:138,6
DA:139,1
DA:140,1
DA:141,1
DA:142,1
DA:143,1
DA:144,1
DA:145,1
DA:152,4
DA:153,4
DA:154,4
DA:155,4
DA:156,4
DA:157,4
DA:158,4
DA:159,4
DA:160,4
DA:161,4
DA:163,4
DA:165,4
DA:166,4
DA:168,4
DA:169,4
DA:170,3
DA:171,9
DA:172,3
DA:173,3
DA:174,3
DA:175,1
DA:181,4
DA:183,4
DA:186,1
DA:187,3
DA:190,4
DA:191,1
DA:192,1
DA:193,1
DA:195,1
DA:196,1
DA:198,3
DA:199,3
DA:201,3
DA:202,1
DA:203,1
DA:204,1
DA:205,1
DA:207,2
DA:208,2
DA:209,2
DA:210,2
DA:213,2
DA:214,2
LF:132
LH:131
BRDA:5,0,0,1
BRDA:5,0,1,0
BRDA:23,1,0,1
BRDA:23,1,1,0
BRDA:23,2,0,1
BRDA:23,2,1,0
BRDA:24,3,0,1
BRDA:24,3,1,0
BRDA:24,4,0,1
BRDA:24,4,1,0
BRDA:25,5,0,1
BRDA:25,5,1,0
BRDA:25,6,0,1
BRDA:25,6,1,0
BRDA:26,7,0,1
BRDA:26,7,1,0
BRDA:26,8,0,1
BRDA:26,8,1,0
BRDA:28,9,0,1
BRDA:28,9,1,0
BRDA:28,10,0,1
BRDA:28,10,1,1
BRDA:32,11,0,1
BRDA:32,11,1,0
BRDA:32,12,0,1
BRDA:32,12,1,0
BRDA:33,13,0,1
BRDA:33,13,1,0
BRDA:33,14,0,1
BRDA:33,14,1,0
BRDA:34,15,0,1
BRDA:34,15,1,0
BRDA:34,16,0,1
BRDA:34,16,1,1
BRDA:35,17,0,1
BRDA:35,17,1,0
BRDA:35,18,0,1
BRDA:35,18,1,1
BRDA:50,19,0,0
BRDA:50,19,1,1
BRDA:51,20,0,1
BRDA:51,20,1,0
BRDA:52,21,0,1
BRDA:52,21,1,0
BRDA:52,22,0,1
BRDA:52,22,1,0
BRDA:53,23,0,1
BRDA:53,23,1,0
BRDA:54,24,0,1
BRDA:54,24,1,0
BRDA:54,25,0,1
BRDA:54,25,1,1
BRDA:55,26,0,1
BRDA:55,26,1,0
BRDA:55,27,0,1
BRDA:55,27,1,0
BRDA:81,28,0,12
BRDA:81,28,1,78
BRDA:90,29,0,6
BRDA:90,29,1,0
BRDA:91,30,0,6
BRDA:91,30,1,0
BRDA:92,31,0,6
BRDA:92,31,1,0
BRDA:93,32,0,6
BRDA:93,32,1,0
BRDA:94,33,0,6
BRDA:94,33,1,0
BRDA:95,34,0,6
BRDA:95,34,1,0
BRDA:96,35,0,6
BRDA:96,35,1,0
BRDA:97,36,0,6
BRDA:97,36,1,0
BRDA:98,37,0,6
BRDA:98,37,1,0
BRDA:100,38,0,2
BRDA:100,38,1,4
BRDA:101,39,0,1
BRDA:101,39,1,5
BRDA:102,40,0,1
BRDA:102,40,1,5
BRDA:103,41,0,1
BRDA:103,41,1,5
BRDA:104,42,0,1
BRDA:104,42,1,5
BRDA:106,43,0,1
BRDA:106,43,1,5
BRDA:107,44,0,1
BRDA:107,44,1,5
BRDA:112,45,0,1
BRDA:112,45,1,5
BRDA:117,46,0,1
BRDA:117,46,1,5
BRDA:123,47,0,2
BRDA:123,47,1,4
BRDA:125,48,0,5
BRDA:125,48,1,1
BRDA:126,49,0,5
BRDA:126,49,1,3
BRDA:131,50,0,1
BRDA:131,50,1,5
BRDA:131,51,0,6
BRDA:131,51,1,1
BRDA:132,52,0,1
BRDA:132,52,1,0
BRDA:134,53,0,5
BRDA:134,53,1,0
BRDA:138,54,0,1
BRDA:138,54,1,5
BRDA:141,55,0,1
BRDA:141,55,1,0
BRDA:142,56,0,1
BRDA:142,56,1,0
BRDA:144,57,0,1
BRDA:144,57,1,0
BRDA:145,58,0,1
BRDA:145,58,1,0
BRDA:163,59,0,0
BRDA:163,59,1,4
BRDA:163,60,0,4
BRDA:163,60,1,4
BRDA:169,61,0,3
BRDA:169,61,1,1
BRDA:169,62,0,4
BRDA:169,62,1,3
BRDA:171,63,0,3
BRDA:171,63,1,6
BRDA:172,64,0,2
BRDA:172,64,1,1
BRDA:174,65,0,1
BRDA:174,65,1,2
BRDA:174,66,0,3
BRDA:174,66,1,2
BRDA:181,67,0,4
BRDA:181,67,1,0
BRDA:183,68,0,4
BRDA:183,68,1,0
BRDA:183,69,0,3
BRDA:183,69,1,1
BRDA:186,70,0,0
BRDA:186,70,1,1
BRDA:186,71,0,1
BRDA:186,71,1,1
BRDA:190,72,0,1
BRDA:190,72,1,3
BRDA:191,73,0,1
BRDA:191,73,1,0
BRDA:192,74,0,1
BRDA:192,74,1,0
BRDA:193,75,0,1
BRDA:193,75,1,0
BRDA:196,76,0,1
BRDA:196,76,1,0
BRDA:196,77,0,1
BRDA:196,77,1,1
BRDA:198,78,0,3
BRDA:198,78,1,0
BRDA:199,79,0,1
BRDA:199,79,1,2
BRDA:201,80,0,1
BRDA:201,80,1,2
BRDA:202,81,0,1
BRDA:202,81,1,0
BRDA:203,82,0,1
BRDA:203,82,1,0
BRDA:204,83,0,1
BRDA:204,83,1,0
BRDA:205,84,0,1
BRDA:205,84,1,0
BRDA:205,85,0,1
BRDA:205,85,1,1
BRDA:207,86,0,2
BRDA:207,86,1,0
BRDA:208,87,0,2
BRDA:208,87,1,0
BRDA:209,88,0,2
BRDA:209,88,1,0
BRDA:211,89,0,2
BRDA:211,89,1,0
BRDA:213,90,0,0
BRDA:213,90,1,2
BRDA:213,91,0,0
BRDA:213,91,1,0
BRDA:214,92,0,2
BRDA:214,92,1,0
BRDA:214,93,0,0
BRDA:214,93,1,2
BRF:188
BRH:127
end_of_record
TN:
SF:frontend\modules\utils.js
FN:4,debounce
FN:6,(anonymous_1)
FN:8,(anonymous_2)
FN:12,rgbToHex
FN:14,(anonymous_4)
FN:17,hexToRgb
FN:22,appendLog
FN:43,escapeHtml
FNF:8
FNH:8
FNDA:1,debounce
FNDA:3,(anonymous_1)
FNDA:1,(anonymous_2)
FNDA:8,rgbToHex
FNDA:9,(anonymous_4)
FNDA:2,hexToRgb
FNDA:507,appendLog
FNDA:4,escapeHtml
DA:5,1
DA:6,1
DA:7,3
DA:8,3
DA:13,8
DA:14,9
DA:18,2
DA:19,2
DA:23,507
DA:24,507
DA:26,507
DA:27,507
DA:28,507
DA:34,1
DA:36,507
DA:37,507
DA:38,507
DA:39,5
DA:44,4
DA:45,1
LF:20
LH:20
BRDA:7,0,0,2
BRDA:7,0,1,1
BRDA:13,1,0,5
BRDA:13,1,1,3
BRDA:13,2,0,8
BRDA:13,2,1,4
BRDA:24,3,0,0
BRDA:24,3,1,507
BRDA:28,4,0,1
BRDA:28,4,1,506
BRDA:29,5,0,507
BRDA:29,5,1,506
BRDA:29,5,2,506
BRDA:29,5,3,506
BRDA:38,6,0,5
BRDA:38,6,1,502
BRDA:44,7,0,3
BRDA:44,7,1,1
BRF:18
BRH:17
end_of_record
